{"C:\\Users\\Khali\\OneDrive\\Bureau\\CONCORDIA\\SOEN 390\\App\\Butler\\server\\src\\CMC\\controller.js": {"path":"C:\\Users\\Khali\\OneDrive\\Bureau\\CONCORDIA\\SOEN 390\\App\\Butler\\server\\src\\CMC\\controller.js","statementMap":{"0":{"start":{"line":1,"column":18},"end":{"line":1,"column":36}},"1":{"start":{"line":2,"column":13},"end":{"line":2,"column":32}},"2":{"start":{"line":3,"column":16},"end":{"line":3,"column":36}},"3":{"start":{"line":4,"column":15},"end":{"line":4,"column":32}},"4":{"start":{"line":6,"column":16},"end":{"line":19,"column":1}},"5":{"start":{"line":7,"column":2},"end":{"line":7,"column":52}},"6":{"start":{"line":8,"column":2},"end":{"line":18,"column":5}},"7":{"start":{"line":9,"column":4},"end":{"line":12,"column":5}},"8":{"start":{"line":10,"column":6},"end":{"line":10,"column":55}},"9":{"start":{"line":11,"column":6},"end":{"line":11,"column":70}},"10":{"start":{"line":13,"column":4},"end":{"line":17,"column":5}},"11":{"start":{"line":14,"column":6},"end":{"line":14,"column":67}},"12":{"start":{"line":16,"column":6},"end":{"line":16,"column":41}},"13":{"start":{"line":21,"column":19},"end":{"line":34,"column":1}},"14":{"start":{"line":22,"column":2},"end":{"line":22,"column":33}},"15":{"start":{"line":23,"column":20},"end":{"line":23,"column":50}},"16":{"start":{"line":24,"column":2},"end":{"line":33,"column":5}},"17":{"start":{"line":25,"column":4},"end":{"line":28,"column":5}},"18":{"start":{"line":26,"column":6},"end":{"line":26,"column":54}},"19":{"start":{"line":27,"column":6},"end":{"line":27,"column":70}},"20":{"start":{"line":29,"column":4},"end":{"line":31,"column":5}},"21":{"start":{"line":30,"column":6},"end":{"line":30,"column":67}},"22":{"start":{"line":32,"column":4},"end":{"line":32,"column":39}},"23":{"start":{"line":36,"column":15},"end":{"line":68,"column":1}},"24":{"start":{"line":37,"column":2},"end":{"line":37,"column":49}},"25":{"start":{"line":38,"column":44},"end":{"line":38,"column":52}},"26":{"start":{"line":39,"column":2},"end":{"line":67,"column":5}},"27":{"start":{"line":40,"column":4},"end":{"line":45,"column":5}},"28":{"start":{"line":41,"column":6},"end":{"line":41,"column":62}},"29":{"start":{"line":42,"column":6},"end":{"line":44,"column":67}},"30":{"start":{"line":46,"column":4},"end":{"line":66,"column":5}},"31":{"start":{"line":47,"column":6},"end":{"line":47,"column":39}},"32":{"start":{"line":49,"column":6},"end":{"line":65,"column":7}},"33":{"start":{"line":50,"column":31},"end":{"line":50,"column":61}},"34":{"start":{"line":51,"column":8},"end":{"line":60,"column":10}},"35":{"start":{"line":55,"column":12},"end":{"line":55,"column":46}},"36":{"start":{"line":55,"column":23},"end":{"line":55,"column":46}},"37":{"start":{"line":56,"column":12},"end":{"line":58,"column":70}},"38":{"start":{"line":63,"column":8},"end":{"line":63,"column":60}},"39":{"start":{"line":64,"column":8},"end":{"line":64,"column":65}},"40":{"start":{"line":70,"column":18},"end":{"line":125,"column":1}},"41":{"start":{"line":71,"column":2},"end":{"line":71,"column":35}},"42":{"start":{"line":72,"column":20},"end":{"line":72,"column":40}},"43":{"start":{"line":73,"column":44},"end":{"line":73,"column":52}},"44":{"start":{"line":75,"column":2},"end":{"line":79,"column":3}},"45":{"start":{"line":76,"column":4},"end":{"line":78,"column":70}},"46":{"start":{"line":81,"column":21},"end":{"line":81,"column":23}},"47":{"start":{"line":82,"column":17},"end":{"line":82,"column":19}},"48":{"start":{"line":84,"column":2},"end":{"line":87,"column":3}},"49":{"start":{"line":85,"column":4},"end":{"line":85,"column":62}},"50":{"start":{"line":86,"column":4},"end":{"line":86,"column":30}},"51":{"start":{"line":88,"column":2},"end":{"line":91,"column":3}},"52":{"start":{"line":89,"column":4},"end":{"line":89,"column":55}},"53":{"start":{"line":90,"column":4},"end":{"line":90,"column":23}},"54":{"start":{"line":92,"column":2},"end":{"line":95,"column":3}},"55":{"start":{"line":93,"column":4},"end":{"line":93,"column":58}},"56":{"start":{"line":94,"column":4},"end":{"line":94,"column":48}},"57":{"start":{"line":97,"column":20},"end":{"line":97,"column":41}},"58":{"start":{"line":99,"column":16},"end":{"line":101,"column":4}},"59":{"start":{"line":103,"column":2},"end":{"line":124,"column":5}},"60":{"start":{"line":104,"column":4},"end":{"line":107,"column":5}},"61":{"start":{"line":105,"column":6},"end":{"line":105,"column":54}},"62":{"start":{"line":106,"column":6},"end":{"line":106,"column":70}},"63":{"start":{"line":108,"column":4},"end":{"line":110,"column":5}},"64":{"start":{"line":109,"column":6},"end":{"line":109,"column":67}},"65":{"start":{"line":112,"column":4},"end":{"line":123,"column":7}},"66":{"start":{"line":113,"column":6},"end":{"line":116,"column":7}},"67":{"start":{"line":114,"column":8},"end":{"line":114,"column":57}},"68":{"start":{"line":115,"column":8},"end":{"line":115,"column":72}},"69":{"start":{"line":118,"column":6},"end":{"line":120,"column":7}},"70":{"start":{"line":119,"column":8},"end":{"line":119,"column":69}},"71":{"start":{"line":122,"column":6},"end":{"line":122,"column":73}},"72":{"start":{"line":127,"column":18},"end":{"line":145,"column":1}},"73":{"start":{"line":128,"column":20},"end":{"line":128,"column":50}},"74":{"start":{"line":129,"column":2},"end":{"line":144,"column":5}},"75":{"start":{"line":130,"column":4},"end":{"line":133,"column":5}},"76":{"start":{"line":131,"column":6},"end":{"line":131,"column":54}},"77":{"start":{"line":132,"column":6},"end":{"line":132,"column":70}},"78":{"start":{"line":134,"column":4},"end":{"line":136,"column":5}},"79":{"start":{"line":135,"column":6},"end":{"line":135,"column":67}},"80":{"start":{"line":137,"column":4},"end":{"line":143,"column":7}},"81":{"start":{"line":138,"column":6},"end":{"line":141,"column":7}},"82":{"start":{"line":139,"column":8},"end":{"line":139,"column":57}},"83":{"start":{"line":140,"column":8},"end":{"line":140,"column":72}},"84":{"start":{"line":142,"column":6},"end":{"line":142,"column":61}},"85":{"start":{"line":146,"column":0},"end":{"line":152,"column":2}}},"fnMap":{"0":{"name":"(anonymous_0)","decl":{"start":{"line":6,"column":16},"end":{"line":6,"column":17}},"loc":{"start":{"line":6,"column":30},"end":{"line":19,"column":1}},"line":6},"1":{"name":"(anonymous_1)","decl":{"start":{"line":8,"column":30},"end":{"line":8,"column":31}},"loc":{"start":{"line":8,"column":50},"end":{"line":18,"column":3}},"line":8},"2":{"name":"(anonymous_2)","decl":{"start":{"line":21,"column":19},"end":{"line":21,"column":20}},"loc":{"start":{"line":21,"column":33},"end":{"line":34,"column":1}},"line":21},"3":{"name":"(anonymous_3)","decl":{"start":{"line":24,"column":46},"end":{"line":24,"column":47}},"loc":{"start":{"line":24,"column":66},"end":{"line":33,"column":3}},"line":24},"4":{"name":"(anonymous_4)","decl":{"start":{"line":36,"column":15},"end":{"line":36,"column":16}},"loc":{"start":{"line":36,"column":29},"end":{"line":68,"column":1}},"line":36},"5":{"name":"(anonymous_5)","decl":{"start":{"line":39,"column":53},"end":{"line":39,"column":54}},"loc":{"start":{"line":39,"column":79},"end":{"line":67,"column":3}},"line":39},"6":{"name":"(anonymous_6)","decl":{"start":{"line":54,"column":10},"end":{"line":54,"column":11}},"loc":{"start":{"line":54,"column":29},"end":{"line":59,"column":11}},"line":54},"7":{"name":"(anonymous_7)","decl":{"start":{"line":70,"column":18},"end":{"line":70,"column":19}},"loc":{"start":{"line":70,"column":38},"end":{"line":125,"column":1}},"line":70},"8":{"name":"(anonymous_8)","decl":{"start":{"line":103,"column":46},"end":{"line":103,"column":47}},"loc":{"start":{"line":103,"column":66},"end":{"line":124,"column":3}},"line":103},"9":{"name":"(anonymous_9)","decl":{"start":{"line":112,"column":46},"end":{"line":112,"column":47}},"loc":{"start":{"line":112,"column":65},"end":{"line":123,"column":5}},"line":112},"10":{"name":"(anonymous_10)","decl":{"start":{"line":127,"column":18},"end":{"line":127,"column":19}},"loc":{"start":{"line":127,"column":32},"end":{"line":145,"column":1}},"line":127},"11":{"name":"(anonymous_11)","decl":{"start":{"line":129,"column":46},"end":{"line":129,"column":47}},"loc":{"start":{"line":129,"column":65},"end":{"line":144,"column":3}},"line":129},"12":{"name":"(anonymous_12)","decl":{"start":{"line":137,"column":47},"end":{"line":137,"column":48}},"loc":{"start":{"line":137,"column":67},"end":{"line":143,"column":5}},"line":137}},"branchMap":{"0":{"loc":{"start":{"line":9,"column":4},"end":{"line":12,"column":5}},"type":"if","locations":[{"start":{"line":9,"column":4},"end":{"line":12,"column":5}},{"start":{},"end":{}}],"line":9},"1":{"loc":{"start":{"line":13,"column":4},"end":{"line":17,"column":5}},"type":"if","locations":[{"start":{"line":13,"column":4},"end":{"line":17,"column":5}},{"start":{"line":15,"column":11},"end":{"line":17,"column":5}}],"line":13},"2":{"loc":{"start":{"line":25,"column":4},"end":{"line":28,"column":5}},"type":"if","locations":[{"start":{"line":25,"column":4},"end":{"line":28,"column":5}},{"start":{},"end":{}}],"line":25},"3":{"loc":{"start":{"line":29,"column":4},"end":{"line":31,"column":5}},"type":"if","locations":[{"start":{"line":29,"column":4},"end":{"line":31,"column":5}},{"start":{},"end":{}}],"line":29},"4":{"loc":{"start":{"line":40,"column":4},"end":{"line":45,"column":5}},"type":"if","locations":[{"start":{"line":40,"column":4},"end":{"line":45,"column":5}},{"start":{},"end":{}}],"line":40},"5":{"loc":{"start":{"line":46,"column":4},"end":{"line":66,"column":5}},"type":"if","locations":[{"start":{"line":46,"column":4},"end":{"line":66,"column":5}},{"start":{"line":48,"column":11},"end":{"line":66,"column":5}}],"line":46},"6":{"loc":{"start":{"line":55,"column":12},"end":{"line":55,"column":46}},"type":"if","locations":[{"start":{"line":55,"column":12},"end":{"line":55,"column":46}},{"start":{},"end":{}}],"line":55},"7":{"loc":{"start":{"line":75,"column":2},"end":{"line":79,"column":3}},"type":"if","locations":[{"start":{"line":75,"column":2},"end":{"line":79,"column":3}},{"start":{},"end":{}}],"line":75},"8":{"loc":{"start":{"line":75,"column":6},"end":{"line":75,"column":56}},"type":"binary-expr","locations":[{"start":{"line":75,"column":6},"end":{"line":75,"column":19}},{"start":{"line":75,"column":23},"end":{"line":75,"column":29}},{"start":{"line":75,"column":33},"end":{"line":75,"column":56}}],"line":75},"9":{"loc":{"start":{"line":84,"column":2},"end":{"line":87,"column":3}},"type":"if","locations":[{"start":{"line":84,"column":2},"end":{"line":87,"column":3}},{"start":{},"end":{}}],"line":84},"10":{"loc":{"start":{"line":88,"column":2},"end":{"line":91,"column":3}},"type":"if","locations":[{"start":{"line":88,"column":2},"end":{"line":91,"column":3}},{"start":{},"end":{}}],"line":88},"11":{"loc":{"start":{"line":92,"column":2},"end":{"line":95,"column":3}},"type":"if","locations":[{"start":{"line":92,"column":2},"end":{"line":95,"column":3}},{"start":{},"end":{}}],"line":92},"12":{"loc":{"start":{"line":104,"column":4},"end":{"line":107,"column":5}},"type":"if","locations":[{"start":{"line":104,"column":4},"end":{"line":107,"column":5}},{"start":{},"end":{}}],"line":104},"13":{"loc":{"start":{"line":108,"column":4},"end":{"line":110,"column":5}},"type":"if","locations":[{"start":{"line":108,"column":4},"end":{"line":110,"column":5}},{"start":{},"end":{}}],"line":108},"14":{"loc":{"start":{"line":113,"column":6},"end":{"line":116,"column":7}},"type":"if","locations":[{"start":{"line":113,"column":6},"end":{"line":116,"column":7}},{"start":{},"end":{}}],"line":113},"15":{"loc":{"start":{"line":118,"column":6},"end":{"line":120,"column":7}},"type":"if","locations":[{"start":{"line":118,"column":6},"end":{"line":120,"column":7}},{"start":{},"end":{}}],"line":118},"16":{"loc":{"start":{"line":130,"column":4},"end":{"line":133,"column":5}},"type":"if","locations":[{"start":{"line":130,"column":4},"end":{"line":133,"column":5}},{"start":{},"end":{}}],"line":130},"17":{"loc":{"start":{"line":134,"column":4},"end":{"line":136,"column":5}},"type":"if","locations":[{"start":{"line":134,"column":4},"end":{"line":136,"column":5}},{"start":{},"end":{}}],"line":134},"18":{"loc":{"start":{"line":138,"column":6},"end":{"line":141,"column":7}},"type":"if","locations":[{"start":{"line":138,"column":6},"end":{"line":141,"column":7}},{"start":{},"end":{}}],"line":138}},"s":{"0":1,"1":1,"2":1,"3":1,"4":1,"5":3,"6":3,"7":3,"8":1,"9":1,"10":2,"11":1,"12":1,"13":1,"14":3,"15":3,"16":3,"17":3,"18":1,"19":1,"20":2,"21":1,"22":1,"23":1,"24":3,"25":3,"26":3,"27":3,"28":1,"29":1,"30":2,"31":0,"32":1,"33":1,"34":1,"35":1,"36":0,"37":1,"38":0,"39":0,"40":1,"41":4,"42":4,"43":4,"44":4,"45":0,"46":4,"47":4,"48":4,"49":3,"50":3,"51":4,"52":1,"53":1,"54":4,"55":1,"56":1,"57":4,"58":4,"59":4,"60":4,"61":1,"62":1,"63":3,"64":0,"65":0,"66":0,"67":0,"68":0,"69":0,"70":0,"71":0,"72":1,"73":3,"74":3,"75":3,"76":1,"77":1,"78":2,"79":0,"80":1,"81":1,"82":0,"83":0,"84":1,"85":1},"f":{"0":3,"1":3,"2":3,"3":3,"4":3,"5":3,"6":1,"7":4,"8":4,"9":0,"10":3,"11":3,"12":1},"b":{"0":[1,2],"1":[1,1],"2":[1,2],"3":[1,1],"4":[1,2],"5":[0,1],"6":[0,1],"7":[0,4],"8":[4,1,1],"9":[3,1],"10":[1,3],"11":[1,3],"12":[1,3],"13":[0,0],"14":[0,0],"15":[0,0],"16":[1,2],"17":[0,1],"18":[0,1]},"_coverageSchema":"1a1c01bbd47fc00a2c39e90264f33305004495a9","hash":"9c0016627bb531266ecf20592844f0b265d6dd03"}
,"C:\\Users\\Khali\\OneDrive\\Bureau\\CONCORDIA\\SOEN 390\\App\\Butler\\server\\src\\CMC\\queries.js": {"path":"C:\\Users\\Khali\\OneDrive\\Bureau\\CONCORDIA\\SOEN 390\\App\\Butler\\server\\src\\CMC\\queries.js","statementMap":{"0":{"start":{"line":1,"column":16},"end":{"line":1,"column":97}},"1":{"start":{"line":2,"column":19},"end":{"line":2,"column":120}},"2":{"start":{"line":3,"column":30},"end":{"line":3,"column":96}},"3":{"start":{"line":4,"column":15},"end":{"line":4,"column":105}},"4":{"start":{"line":5,"column":18},"end":{"line":5,"column":78}},"5":{"start":{"line":7,"column":0},"end":{"line":13,"column":2}}},"fnMap":{},"branchMap":{},"s":{"0":1,"1":1,"2":1,"3":1,"4":1,"5":1},"f":{},"b":{},"_coverageSchema":"1a1c01bbd47fc00a2c39e90264f33305004495a9","hash":"4baf0e5df243e9fe4675798fdfb608c722401c2d"}
,"C:\\Users\\Khali\\OneDrive\\Bureau\\CONCORDIA\\SOEN 390\\App\\Butler\\server\\src\\CMC\\routes.js": {"path":"C:\\Users\\Khali\\OneDrive\\Bureau\\CONCORDIA\\SOEN 390\\App\\Butler\\server\\src\\CMC\\routes.js","statementMap":{"0":{"start":{"line":1,"column":17},"end":{"line":1,"column":35}},"1":{"start":{"line":2,"column":19},"end":{"line":2,"column":42}},"2":{"start":{"line":3,"column":26},"end":{"line":3,"column":59}},"3":{"start":{"line":4,"column":15},"end":{"line":4,"column":23}},"4":{"start":{"line":6,"column":0},"end":{"line":6,"column":55}},"5":{"start":{"line":7,"column":0},"end":{"line":7,"column":68}},"6":{"start":{"line":8,"column":0},"end":{"line":8,"column":36}},"7":{"start":{"line":9,"column":0},"end":{"line":9,"column":69}},"8":{"start":{"line":10,"column":0},"end":{"line":10,"column":69}},"9":{"start":{"line":12,"column":0},"end":{"line":12,"column":24}}},"fnMap":{},"branchMap":{},"s":{"0":0,"1":0,"2":0,"3":0,"4":0,"5":0,"6":0,"7":0,"8":0,"9":0},"f":{},"b":{}}
,"C:\\Users\\Khali\\OneDrive\\Bureau\\CONCORDIA\\SOEN 390\\App\\Butler\\server\\src\\CondoOwner\\controller.js": {"path":"C:\\Users\\Khali\\OneDrive\\Bureau\\CONCORDIA\\SOEN 390\\App\\Butler\\server\\src\\CondoOwner\\controller.js","statementMap":{"0":{"start":{"line":1,"column":13},"end":{"line":1,"column":32}},"1":{"start":{"line":2,"column":16},"end":{"line":2,"column":36}},"2":{"start":{"line":3,"column":15},"end":{"line":3,"column":32}},"3":{"start":{"line":5,"column":23},"end":{"line":18,"column":1}},"4":{"start":{"line":6,"column":2},"end":{"line":6,"column":38}},"5":{"start":{"line":7,"column":2},"end":{"line":17,"column":5}},"6":{"start":{"line":8,"column":4},"end":{"line":11,"column":5}},"7":{"start":{"line":9,"column":6},"end":{"line":9,"column":58}},"8":{"start":{"line":10,"column":6},"end":{"line":10,"column":70}},"9":{"start":{"line":12,"column":4},"end":{"line":16,"column":5}},"10":{"start":{"line":13,"column":6},"end":{"line":13,"column":70}},"11":{"start":{"line":15,"column":6},"end":{"line":15,"column":41}},"12":{"start":{"line":20,"column":26},"end":{"line":33,"column":1}},"13":{"start":{"line":21,"column":2},"end":{"line":21,"column":39}},"14":{"start":{"line":22,"column":18},"end":{"line":22,"column":46}},"15":{"start":{"line":23,"column":2},"end":{"line":32,"column":5}},"16":{"start":{"line":24,"column":4},"end":{"line":27,"column":5}},"17":{"start":{"line":25,"column":6},"end":{"line":25,"column":57}},"18":{"start":{"line":26,"column":6},"end":{"line":26,"column":70}},"19":{"start":{"line":28,"column":4},"end":{"line":30,"column":5}},"20":{"start":{"line":29,"column":6},"end":{"line":29,"column":70}},"21":{"start":{"line":31,"column":4},"end":{"line":31,"column":39}},"22":{"start":{"line":35,"column":22},"end":{"line":76,"column":1}},"23":{"start":{"line":36,"column":2},"end":{"line":36,"column":35}},"24":{"start":{"line":37,"column":20},"end":{"line":37,"column":28}},"25":{"start":{"line":38,"column":2},"end":{"line":75,"column":5}},"26":{"start":{"line":39,"column":4},"end":{"line":42,"column":5}},"27":{"start":{"line":40,"column":6},"end":{"line":40,"column":62}},"28":{"start":{"line":41,"column":6},"end":{"line":41,"column":70}},"29":{"start":{"line":43,"column":4},"end":{"line":74,"column":5}},"30":{"start":{"line":44,"column":6},"end":{"line":44,"column":62}},"31":{"start":{"line":46,"column":6},"end":{"line":73,"column":8}},"32":{"start":{"line":50,"column":10},"end":{"line":52,"column":11}},"33":{"start":{"line":51,"column":12},"end":{"line":51,"column":65}},"34":{"start":{"line":53,"column":31},"end":{"line":53,"column":58}},"35":{"start":{"line":54,"column":10},"end":{"line":71,"column":11}},"36":{"start":{"line":55,"column":12},"end":{"line":55,"column":67}},"37":{"start":{"line":57,"column":12},"end":{"line":63,"column":15}},"38":{"start":{"line":58,"column":14},"end":{"line":61,"column":15}},"39":{"start":{"line":59,"column":16},"end":{"line":59,"column":66}},"40":{"start":{"line":60,"column":16},"end":{"line":60,"column":80}},"41":{"start":{"line":62,"column":14},"end":{"line":62,"column":72}},"42":{"start":{"line":64,"column":12},"end":{"line":70,"column":15}},"43":{"start":{"line":65,"column":14},"end":{"line":68,"column":15}},"44":{"start":{"line":66,"column":16},"end":{"line":66,"column":69}},"45":{"start":{"line":67,"column":16},"end":{"line":67,"column":80}},"46":{"start":{"line":69,"column":14},"end":{"line":69,"column":64}},"47":{"start":{"line":78,"column":25},"end":{"line":145,"column":1}},"48":{"start":{"line":79,"column":2},"end":{"line":79,"column":38}},"49":{"start":{"line":80,"column":18},"end":{"line":80,"column":36}},"50":{"start":{"line":81,"column":70},"end":{"line":81,"column":78}},"51":{"start":{"line":83,"column":2},"end":{"line":93,"column":3}},"52":{"start":{"line":90,"column":4},"end":{"line":92,"column":70}},"53":{"start":{"line":95,"column":21},"end":{"line":95,"column":23}},"54":{"start":{"line":96,"column":17},"end":{"line":96,"column":19}},"55":{"start":{"line":98,"column":2},"end":{"line":101,"column":3}},"56":{"start":{"line":99,"column":4},"end":{"line":99,"column":60}},"57":{"start":{"line":100,"column":4},"end":{"line":100,"column":28}},"58":{"start":{"line":102,"column":2},"end":{"line":105,"column":3}},"59":{"start":{"line":103,"column":4},"end":{"line":103,"column":59}},"60":{"start":{"line":104,"column":4},"end":{"line":104,"column":27}},"61":{"start":{"line":106,"column":2},"end":{"line":109,"column":3}},"62":{"start":{"line":107,"column":4},"end":{"line":107,"column":55}},"63":{"start":{"line":108,"column":4},"end":{"line":108,"column":23}},"64":{"start":{"line":110,"column":2},"end":{"line":113,"column":3}},"65":{"start":{"line":111,"column":4},"end":{"line":111,"column":58}},"66":{"start":{"line":112,"column":4},"end":{"line":112,"column":48}},"67":{"start":{"line":114,"column":2},"end":{"line":117,"column":3}},"68":{"start":{"line":115,"column":4},"end":{"line":115,"column":65}},"69":{"start":{"line":116,"column":4},"end":{"line":116,"column":33}},"70":{"start":{"line":119,"column":16},"end":{"line":121,"column":5}},"71":{"start":{"line":123,"column":2},"end":{"line":144,"column":5}},"72":{"start":{"line":124,"column":4},"end":{"line":127,"column":5}},"73":{"start":{"line":125,"column":6},"end":{"line":125,"column":57}},"74":{"start":{"line":126,"column":6},"end":{"line":126,"column":70}},"75":{"start":{"line":128,"column":4},"end":{"line":143,"column":5}},"76":{"start":{"line":129,"column":6},"end":{"line":129,"column":71}},"77":{"start":{"line":131,"column":6},"end":{"line":142,"column":9}},"78":{"start":{"line":132,"column":8},"end":{"line":135,"column":9}},"79":{"start":{"line":133,"column":10},"end":{"line":133,"column":62}},"80":{"start":{"line":134,"column":10},"end":{"line":134,"column":74}},"81":{"start":{"line":137,"column":8},"end":{"line":139,"column":9}},"82":{"start":{"line":138,"column":10},"end":{"line":138,"column":74}},"83":{"start":{"line":141,"column":8},"end":{"line":141,"column":78}},"84":{"start":{"line":147,"column":25},"end":{"line":176,"column":1}},"85":{"start":{"line":148,"column":18},"end":{"line":148,"column":46}},"86":{"start":{"line":149,"column":2},"end":{"line":175,"column":5}},"87":{"start":{"line":150,"column":4},"end":{"line":153,"column":5}},"88":{"start":{"line":151,"column":6},"end":{"line":151,"column":57}},"89":{"start":{"line":152,"column":6},"end":{"line":152,"column":70}},"90":{"start":{"line":154,"column":4},"end":{"line":174,"column":5}},"91":{"start":{"line":155,"column":6},"end":{"line":155,"column":70}},"92":{"start":{"line":157,"column":6},"end":{"line":166,"column":8}},"93":{"start":{"line":161,"column":10},"end":{"line":164,"column":11}},"94":{"start":{"line":162,"column":12},"end":{"line":162,"column":65}},"95":{"start":{"line":163,"column":12},"end":{"line":163,"column":76}},"96":{"start":{"line":167,"column":6},"end":{"line":172,"column":9}},"97":{"start":{"line":168,"column":8},"end":{"line":171,"column":9}},"98":{"start":{"line":169,"column":10},"end":{"line":169,"column":62}},"99":{"start":{"line":170,"column":10},"end":{"line":170,"column":74}},"100":{"start":{"line":173,"column":6},"end":{"line":173,"column":64}},"101":{"start":{"line":178,"column":0},"end":{"line":184,"column":2}}},"fnMap":{"0":{"name":"(anonymous_0)","decl":{"start":{"line":5,"column":23},"end":{"line":5,"column":24}},"loc":{"start":{"line":5,"column":37},"end":{"line":18,"column":1}},"line":5},"1":{"name":"(anonymous_1)","decl":{"start":{"line":7,"column":37},"end":{"line":7,"column":38}},"loc":{"start":{"line":7,"column":57},"end":{"line":17,"column":3}},"line":7},"2":{"name":"(anonymous_2)","decl":{"start":{"line":20,"column":26},"end":{"line":20,"column":27}},"loc":{"start":{"line":20,"column":40},"end":{"line":33,"column":1}},"line":20},"3":{"name":"(anonymous_3)","decl":{"start":{"line":23,"column":51},"end":{"line":23,"column":52}},"loc":{"start":{"line":23,"column":71},"end":{"line":32,"column":3}},"line":23},"4":{"name":"(anonymous_4)","decl":{"start":{"line":35,"column":22},"end":{"line":35,"column":23}},"loc":{"start":{"line":35,"column":36},"end":{"line":76,"column":1}},"line":35},"5":{"name":"(anonymous_5)","decl":{"start":{"line":38,"column":52},"end":{"line":38,"column":53}},"loc":{"start":{"line":38,"column":72},"end":{"line":75,"column":3}},"line":38},"6":{"name":"(anonymous_6)","decl":{"start":{"line":49,"column":8},"end":{"line":49,"column":9}},"loc":{"start":{"line":49,"column":28},"end":{"line":72,"column":9}},"line":49},"7":{"name":"(anonymous_7)","decl":{"start":{"line":57,"column":55},"end":{"line":57,"column":56}},"loc":{"start":{"line":57,"column":74},"end":{"line":63,"column":13}},"line":57},"8":{"name":"(anonymous_8)","decl":{"start":{"line":64,"column":52},"end":{"line":64,"column":53}},"loc":{"start":{"line":64,"column":71},"end":{"line":70,"column":13}},"line":64},"9":{"name":"(anonymous_9)","decl":{"start":{"line":78,"column":25},"end":{"line":78,"column":26}},"loc":{"start":{"line":78,"column":45},"end":{"line":145,"column":1}},"line":78},"10":{"name":"(anonymous_10)","decl":{"start":{"line":123,"column":51},"end":{"line":123,"column":52}},"loc":{"start":{"line":123,"column":71},"end":{"line":144,"column":3}},"line":123},"11":{"name":"(anonymous_11)","decl":{"start":{"line":131,"column":46},"end":{"line":131,"column":47}},"loc":{"start":{"line":131,"column":65},"end":{"line":142,"column":7}},"line":131},"12":{"name":"(anonymous_12)","decl":{"start":{"line":147,"column":25},"end":{"line":147,"column":26}},"loc":{"start":{"line":147,"column":39},"end":{"line":176,"column":1}},"line":147},"13":{"name":"(anonymous_13)","decl":{"start":{"line":149,"column":51},"end":{"line":149,"column":52}},"loc":{"start":{"line":149,"column":70},"end":{"line":175,"column":3}},"line":149},"14":{"name":"(anonymous_14)","decl":{"start":{"line":160,"column":8},"end":{"line":160,"column":9}},"loc":{"start":{"line":160,"column":28},"end":{"line":165,"column":9}},"line":160},"15":{"name":"(anonymous_15)","decl":{"start":{"line":167,"column":54},"end":{"line":167,"column":55}},"loc":{"start":{"line":167,"column":74},"end":{"line":172,"column":7}},"line":167}},"branchMap":{"0":{"loc":{"start":{"line":8,"column":4},"end":{"line":11,"column":5}},"type":"if","locations":[{"start":{"line":8,"column":4},"end":{"line":11,"column":5}},{"start":{},"end":{}}],"line":8},"1":{"loc":{"start":{"line":12,"column":4},"end":{"line":16,"column":5}},"type":"if","locations":[{"start":{"line":12,"column":4},"end":{"line":16,"column":5}},{"start":{"line":14,"column":11},"end":{"line":16,"column":5}}],"line":12},"2":{"loc":{"start":{"line":24,"column":4},"end":{"line":27,"column":5}},"type":"if","locations":[{"start":{"line":24,"column":4},"end":{"line":27,"column":5}},{"start":{},"end":{}}],"line":24},"3":{"loc":{"start":{"line":28,"column":4},"end":{"line":30,"column":5}},"type":"if","locations":[{"start":{"line":28,"column":4},"end":{"line":30,"column":5}},{"start":{},"end":{}}],"line":28},"4":{"loc":{"start":{"line":39,"column":4},"end":{"line":42,"column":5}},"type":"if","locations":[{"start":{"line":39,"column":4},"end":{"line":42,"column":5}},{"start":{},"end":{}}],"line":39},"5":{"loc":{"start":{"line":43,"column":4},"end":{"line":74,"column":5}},"type":"if","locations":[{"start":{"line":43,"column":4},"end":{"line":74,"column":5}},{"start":{"line":45,"column":11},"end":{"line":74,"column":5}}],"line":43},"6":{"loc":{"start":{"line":50,"column":10},"end":{"line":52,"column":11}},"type":"if","locations":[{"start":{"line":50,"column":10},"end":{"line":52,"column":11}},{"start":{},"end":{}}],"line":50},"7":{"loc":{"start":{"line":54,"column":10},"end":{"line":71,"column":11}},"type":"if","locations":[{"start":{"line":54,"column":10},"end":{"line":71,"column":11}},{"start":{"line":56,"column":17},"end":{"line":71,"column":11}}],"line":54},"8":{"loc":{"start":{"line":58,"column":14},"end":{"line":61,"column":15}},"type":"if","locations":[{"start":{"line":58,"column":14},"end":{"line":61,"column":15}},{"start":{},"end":{}}],"line":58},"9":{"loc":{"start":{"line":65,"column":14},"end":{"line":68,"column":15}},"type":"if","locations":[{"start":{"line":65,"column":14},"end":{"line":68,"column":15}},{"start":{},"end":{}}],"line":65},"10":{"loc":{"start":{"line":83,"column":2},"end":{"line":93,"column":3}},"type":"if","locations":[{"start":{"line":83,"column":2},"end":{"line":93,"column":3}},{"start":{},"end":{}}],"line":83},"11":{"loc":{"start":{"line":84,"column":4},"end":{"line":88,"column":33}},"type":"binary-expr","locations":[{"start":{"line":84,"column":4},"end":{"line":84,"column":15}},{"start":{"line":85,"column":4},"end":{"line":85,"column":14}},{"start":{"line":86,"column":4},"end":{"line":86,"column":10}},{"start":{"line":87,"column":4},"end":{"line":87,"column":13}},{"start":{"line":88,"column":4},"end":{"line":88,"column":33}}],"line":84},"12":{"loc":{"start":{"line":98,"column":2},"end":{"line":101,"column":3}},"type":"if","locations":[{"start":{"line":98,"column":2},"end":{"line":101,"column":3}},{"start":{},"end":{}}],"line":98},"13":{"loc":{"start":{"line":102,"column":2},"end":{"line":105,"column":3}},"type":"if","locations":[{"start":{"line":102,"column":2},"end":{"line":105,"column":3}},{"start":{},"end":{}}],"line":102},"14":{"loc":{"start":{"line":106,"column":2},"end":{"line":109,"column":3}},"type":"if","locations":[{"start":{"line":106,"column":2},"end":{"line":109,"column":3}},{"start":{},"end":{}}],"line":106},"15":{"loc":{"start":{"line":110,"column":2},"end":{"line":113,"column":3}},"type":"if","locations":[{"start":{"line":110,"column":2},"end":{"line":113,"column":3}},{"start":{},"end":{}}],"line":110},"16":{"loc":{"start":{"line":114,"column":2},"end":{"line":117,"column":3}},"type":"if","locations":[{"start":{"line":114,"column":2},"end":{"line":117,"column":3}},{"start":{},"end":{}}],"line":114},"17":{"loc":{"start":{"line":124,"column":4},"end":{"line":127,"column":5}},"type":"if","locations":[{"start":{"line":124,"column":4},"end":{"line":127,"column":5}},{"start":{},"end":{}}],"line":124},"18":{"loc":{"start":{"line":128,"column":4},"end":{"line":143,"column":5}},"type":"if","locations":[{"start":{"line":128,"column":4},"end":{"line":143,"column":5}},{"start":{"line":130,"column":11},"end":{"line":143,"column":5}}],"line":128},"19":{"loc":{"start":{"line":132,"column":8},"end":{"line":135,"column":9}},"type":"if","locations":[{"start":{"line":132,"column":8},"end":{"line":135,"column":9}},{"start":{},"end":{}}],"line":132},"20":{"loc":{"start":{"line":137,"column":8},"end":{"line":139,"column":9}},"type":"if","locations":[{"start":{"line":137,"column":8},"end":{"line":139,"column":9}},{"start":{},"end":{}}],"line":137},"21":{"loc":{"start":{"line":150,"column":4},"end":{"line":153,"column":5}},"type":"if","locations":[{"start":{"line":150,"column":4},"end":{"line":153,"column":5}},{"start":{},"end":{}}],"line":150},"22":{"loc":{"start":{"line":154,"column":4},"end":{"line":174,"column":5}},"type":"if","locations":[{"start":{"line":154,"column":4},"end":{"line":174,"column":5}},{"start":{"line":156,"column":11},"end":{"line":174,"column":5}}],"line":154},"23":{"loc":{"start":{"line":161,"column":10},"end":{"line":164,"column":11}},"type":"if","locations":[{"start":{"line":161,"column":10},"end":{"line":164,"column":11}},{"start":{},"end":{}}],"line":161},"24":{"loc":{"start":{"line":168,"column":8},"end":{"line":171,"column":9}},"type":"if","locations":[{"start":{"line":168,"column":8},"end":{"line":171,"column":9}},{"start":{},"end":{}}],"line":168}},"s":{"0":0,"1":0,"2":0,"3":0,"4":0,"5":0,"6":0,"7":0,"8":0,"9":0,"10":0,"11":0,"12":0,"13":0,"14":0,"15":0,"16":0,"17":0,"18":0,"19":0,"20":0,"21":0,"22":0,"23":0,"24":0,"25":0,"26":0,"27":0,"28":0,"29":0,"30":0,"31":0,"32":0,"33":0,"34":0,"35":0,"36":0,"37":0,"38":0,"39":0,"40":0,"41":0,"42":0,"43":0,"44":0,"45":0,"46":0,"47":0,"48":0,"49":0,"50":0,"51":0,"52":0,"53":0,"54":0,"55":0,"56":0,"57":0,"58":0,"59":0,"60":0,"61":0,"62":0,"63":0,"64":0,"65":0,"66":0,"67":0,"68":0,"69":0,"70":0,"71":0,"72":0,"73":0,"74":0,"75":0,"76":0,"77":0,"78":0,"79":0,"80":0,"81":0,"82":0,"83":0,"84":0,"85":0,"86":0,"87":0,"88":0,"89":0,"90":0,"91":0,"92":0,"93":0,"94":0,"95":0,"96":0,"97":0,"98":0,"99":0,"100":0,"101":0},"f":{"0":0,"1":0,"2":0,"3":0,"4":0,"5":0,"6":0,"7":0,"8":0,"9":0,"10":0,"11":0,"12":0,"13":0,"14":0,"15":0},"b":{"0":[0,0],"1":[0,0],"2":[0,0],"3":[0,0],"4":[0,0],"5":[0,0],"6":[0,0],"7":[0,0],"8":[0,0],"9":[0,0],"10":[0,0],"11":[0,0,0,0,0],"12":[0,0],"13":[0,0],"14":[0,0],"15":[0,0],"16":[0,0],"17":[0,0],"18":[0,0],"19":[0,0],"20":[0,0],"21":[0,0],"22":[0,0],"23":[0,0],"24":[0,0]}}
,"C:\\Users\\Khali\\OneDrive\\Bureau\\CONCORDIA\\SOEN 390\\App\\Butler\\server\\src\\CondoOwner\\queries.js": {"path":"C:\\Users\\Khali\\OneDrive\\Bureau\\CONCORDIA\\SOEN 390\\App\\Butler\\server\\src\\CondoOwner\\queries.js","statementMap":{"0":{"start":{"line":2,"column":2},"end":{"line":3,"column":79}},"1":{"start":{"line":5,"column":2},"end":{"line":6,"column":102}},"2":{"start":{"line":7,"column":29},"end":{"line":7,"column":80}},"3":{"start":{"line":9,"column":2},"end":{"line":9,"column":97}},"4":{"start":{"line":11,"column":2},"end":{"line":11,"column":101}},"5":{"start":{"line":13,"column":2},"end":{"line":13,"column":111}},"6":{"start":{"line":15,"column":2},"end":{"line":15,"column":126}},"7":{"start":{"line":16,"column":25},"end":{"line":16,"column":70}},"8":{"start":{"line":18,"column":0},"end":{"line":27,"column":2}}},"fnMap":{},"branchMap":{},"s":{"0":0,"1":0,"2":0,"3":0,"4":0,"5":0,"6":0,"7":0,"8":0},"f":{},"b":{}}
,"C:\\Users\\Khali\\OneDrive\\Bureau\\CONCORDIA\\SOEN 390\\App\\Butler\\server\\src\\CondoOwner\\routes.js": {"path":"C:\\Users\\Khali\\OneDrive\\Bureau\\CONCORDIA\\SOEN 390\\App\\Butler\\server\\src\\CondoOwner\\routes.js","statementMap":{"0":{"start":{"line":1,"column":17},"end":{"line":1,"column":35}},"1":{"start":{"line":2,"column":19},"end":{"line":2,"column":42}},"2":{"start":{"line":3,"column":26},"end":{"line":3,"column":59}},"3":{"start":{"line":4,"column":15},"end":{"line":4,"column":23}},"4":{"start":{"line":6,"column":0},"end":{"line":6,"column":61}},"5":{"start":{"line":7,"column":0},"end":{"line":7,"column":71}},"6":{"start":{"line":8,"column":0},"end":{"line":8,"column":43}},"7":{"start":{"line":9,"column":0},"end":{"line":9,"column":73}},"8":{"start":{"line":10,"column":0},"end":{"line":10,"column":74}},"9":{"start":{"line":12,"column":0},"end":{"line":12,"column":24}}},"fnMap":{},"branchMap":{},"s":{"0":0,"1":0,"2":0,"3":0,"4":0,"5":0,"6":0,"7":0,"8":0,"9":0},"f":{},"b":{}}
,"C:\\Users\\Khali\\OneDrive\\Bureau\\CONCORDIA\\SOEN 390\\App\\Butler\\server\\src\\CondoRenter\\controller.js": {"path":"C:\\Users\\Khali\\OneDrive\\Bureau\\CONCORDIA\\SOEN 390\\App\\Butler\\server\\src\\CondoRenter\\controller.js","statementMap":{"0":{"start":{"line":1,"column":13},"end":{"line":1,"column":32}},"1":{"start":{"line":2,"column":16},"end":{"line":2,"column":36}},"2":{"start":{"line":3,"column":15},"end":{"line":3,"column":32}},"3":{"start":{"line":5,"column":24},"end":{"line":18,"column":1}},"4":{"start":{"line":6,"column":2},"end":{"line":6,"column":39}},"5":{"start":{"line":7,"column":2},"end":{"line":17,"column":5}},"6":{"start":{"line":8,"column":4},"end":{"line":11,"column":5}},"7":{"start":{"line":9,"column":6},"end":{"line":9,"column":59}},"8":{"start":{"line":10,"column":6},"end":{"line":10,"column":70}},"9":{"start":{"line":12,"column":4},"end":{"line":16,"column":5}},"10":{"start":{"line":13,"column":6},"end":{"line":13,"column":72}},"11":{"start":{"line":15,"column":6},"end":{"line":15,"column":41}},"12":{"start":{"line":20,"column":27},"end":{"line":33,"column":1}},"13":{"start":{"line":21,"column":2},"end":{"line":21,"column":40}},"14":{"start":{"line":22,"column":19},"end":{"line":22,"column":48}},"15":{"start":{"line":23,"column":2},"end":{"line":32,"column":5}},"16":{"start":{"line":24,"column":4},"end":{"line":27,"column":5}},"17":{"start":{"line":25,"column":6},"end":{"line":25,"column":58}},"18":{"start":{"line":26,"column":6},"end":{"line":26,"column":70}},"19":{"start":{"line":28,"column":4},"end":{"line":30,"column":5}},"20":{"start":{"line":29,"column":6},"end":{"line":29,"column":71}},"21":{"start":{"line":31,"column":4},"end":{"line":31,"column":39}},"22":{"start":{"line":35,"column":23},"end":{"line":77,"column":1}},"23":{"start":{"line":36,"column":2},"end":{"line":36,"column":36}},"24":{"start":{"line":37,"column":20},"end":{"line":37,"column":28}},"25":{"start":{"line":38,"column":2},"end":{"line":76,"column":5}},"26":{"start":{"line":39,"column":4},"end":{"line":42,"column":5}},"27":{"start":{"line":40,"column":6},"end":{"line":40,"column":62}},"28":{"start":{"line":41,"column":6},"end":{"line":41,"column":70}},"29":{"start":{"line":44,"column":4},"end":{"line":75,"column":5}},"30":{"start":{"line":45,"column":6},"end":{"line":45,"column":62}},"31":{"start":{"line":47,"column":6},"end":{"line":74,"column":8}},"32":{"start":{"line":51,"column":10},"end":{"line":53,"column":11}},"33":{"start":{"line":52,"column":12},"end":{"line":52,"column":73}},"34":{"start":{"line":54,"column":31},"end":{"line":54,"column":58}},"35":{"start":{"line":55,"column":10},"end":{"line":72,"column":11}},"36":{"start":{"line":56,"column":12},"end":{"line":56,"column":67}},"37":{"start":{"line":58,"column":12},"end":{"line":64,"column":15}},"38":{"start":{"line":59,"column":14},"end":{"line":62,"column":15}},"39":{"start":{"line":60,"column":16},"end":{"line":60,"column":67}},"40":{"start":{"line":61,"column":16},"end":{"line":61,"column":80}},"41":{"start":{"line":63,"column":14},"end":{"line":63,"column":73}},"42":{"start":{"line":65,"column":12},"end":{"line":71,"column":15}},"43":{"start":{"line":66,"column":14},"end":{"line":69,"column":15}},"44":{"start":{"line":67,"column":16},"end":{"line":67,"column":69}},"45":{"start":{"line":68,"column":16},"end":{"line":68,"column":80}},"46":{"start":{"line":70,"column":14},"end":{"line":70,"column":64}},"47":{"start":{"line":79,"column":26},"end":{"line":145,"column":1}},"48":{"start":{"line":80,"column":19},"end":{"line":80,"column":38}},"49":{"start":{"line":81,"column":70},"end":{"line":81,"column":78}},"50":{"start":{"line":83,"column":2},"end":{"line":93,"column":3}},"51":{"start":{"line":90,"column":4},"end":{"line":92,"column":70}},"52":{"start":{"line":95,"column":21},"end":{"line":95,"column":23}},"53":{"start":{"line":96,"column":17},"end":{"line":96,"column":19}},"54":{"start":{"line":98,"column":2},"end":{"line":101,"column":3}},"55":{"start":{"line":99,"column":4},"end":{"line":99,"column":60}},"56":{"start":{"line":100,"column":4},"end":{"line":100,"column":28}},"57":{"start":{"line":102,"column":2},"end":{"line":105,"column":3}},"58":{"start":{"line":103,"column":4},"end":{"line":103,"column":59}},"59":{"start":{"line":104,"column":4},"end":{"line":104,"column":27}},"60":{"start":{"line":106,"column":2},"end":{"line":109,"column":3}},"61":{"start":{"line":107,"column":4},"end":{"line":107,"column":55}},"62":{"start":{"line":108,"column":4},"end":{"line":108,"column":23}},"63":{"start":{"line":110,"column":2},"end":{"line":113,"column":3}},"64":{"start":{"line":111,"column":4},"end":{"line":111,"column":58}},"65":{"start":{"line":112,"column":4},"end":{"line":112,"column":48}},"66":{"start":{"line":114,"column":2},"end":{"line":117,"column":3}},"67":{"start":{"line":115,"column":4},"end":{"line":115,"column":65}},"68":{"start":{"line":116,"column":4},"end":{"line":116,"column":33}},"69":{"start":{"line":119,"column":16},"end":{"line":121,"column":5}},"70":{"start":{"line":123,"column":2},"end":{"line":144,"column":5}},"71":{"start":{"line":124,"column":4},"end":{"line":127,"column":5}},"72":{"start":{"line":125,"column":6},"end":{"line":125,"column":58}},"73":{"start":{"line":126,"column":6},"end":{"line":126,"column":70}},"74":{"start":{"line":128,"column":4},"end":{"line":143,"column":5}},"75":{"start":{"line":129,"column":6},"end":{"line":129,"column":72}},"76":{"start":{"line":131,"column":6},"end":{"line":142,"column":9}},"77":{"start":{"line":132,"column":8},"end":{"line":135,"column":9}},"78":{"start":{"line":133,"column":10},"end":{"line":133,"column":63}},"79":{"start":{"line":134,"column":10},"end":{"line":134,"column":74}},"80":{"start":{"line":137,"column":8},"end":{"line":139,"column":9}},"81":{"start":{"line":138,"column":10},"end":{"line":138,"column":75}},"82":{"start":{"line":141,"column":8},"end":{"line":141,"column":79}},"83":{"start":{"line":147,"column":26},"end":{"line":176,"column":1}},"84":{"start":{"line":148,"column":19},"end":{"line":148,"column":48}},"85":{"start":{"line":149,"column":2},"end":{"line":175,"column":5}},"86":{"start":{"line":150,"column":4},"end":{"line":153,"column":5}},"87":{"start":{"line":151,"column":6},"end":{"line":151,"column":58}},"88":{"start":{"line":152,"column":6},"end":{"line":152,"column":70}},"89":{"start":{"line":154,"column":4},"end":{"line":174,"column":5}},"90":{"start":{"line":155,"column":6},"end":{"line":155,"column":71}},"91":{"start":{"line":157,"column":6},"end":{"line":166,"column":8}},"92":{"start":{"line":161,"column":10},"end":{"line":164,"column":11}},"93":{"start":{"line":162,"column":12},"end":{"line":162,"column":65}},"94":{"start":{"line":163,"column":12},"end":{"line":163,"column":76}},"95":{"start":{"line":167,"column":6},"end":{"line":172,"column":9}},"96":{"start":{"line":168,"column":8},"end":{"line":171,"column":9}},"97":{"start":{"line":169,"column":10},"end":{"line":169,"column":63}},"98":{"start":{"line":170,"column":10},"end":{"line":170,"column":74}},"99":{"start":{"line":173,"column":6},"end":{"line":173,"column":65}},"100":{"start":{"line":178,"column":0},"end":{"line":184,"column":2}}},"fnMap":{"0":{"name":"(anonymous_0)","decl":{"start":{"line":5,"column":24},"end":{"line":5,"column":25}},"loc":{"start":{"line":5,"column":38},"end":{"line":18,"column":1}},"line":5},"1":{"name":"(anonymous_1)","decl":{"start":{"line":7,"column":38},"end":{"line":7,"column":39}},"loc":{"start":{"line":7,"column":58},"end":{"line":17,"column":3}},"line":7},"2":{"name":"(anonymous_2)","decl":{"start":{"line":20,"column":27},"end":{"line":20,"column":28}},"loc":{"start":{"line":20,"column":41},"end":{"line":33,"column":1}},"line":20},"3":{"name":"(anonymous_3)","decl":{"start":{"line":23,"column":53},"end":{"line":23,"column":54}},"loc":{"start":{"line":23,"column":73},"end":{"line":32,"column":3}},"line":23},"4":{"name":"(anonymous_4)","decl":{"start":{"line":35,"column":23},"end":{"line":35,"column":24}},"loc":{"start":{"line":35,"column":37},"end":{"line":77,"column":1}},"line":35},"5":{"name":"(anonymous_5)","decl":{"start":{"line":38,"column":52},"end":{"line":38,"column":53}},"loc":{"start":{"line":38,"column":72},"end":{"line":76,"column":3}},"line":38},"6":{"name":"(anonymous_6)","decl":{"start":{"line":50,"column":8},"end":{"line":50,"column":9}},"loc":{"start":{"line":50,"column":28},"end":{"line":73,"column":9}},"line":50},"7":{"name":"(anonymous_7)","decl":{"start":{"line":58,"column":56},"end":{"line":58,"column":57}},"loc":{"start":{"line":58,"column":75},"end":{"line":64,"column":13}},"line":58},"8":{"name":"(anonymous_8)","decl":{"start":{"line":65,"column":53},"end":{"line":65,"column":54}},"loc":{"start":{"line":65,"column":72},"end":{"line":71,"column":13}},"line":65},"9":{"name":"(anonymous_9)","decl":{"start":{"line":79,"column":26},"end":{"line":79,"column":27}},"loc":{"start":{"line":79,"column":46},"end":{"line":145,"column":1}},"line":79},"10":{"name":"(anonymous_10)","decl":{"start":{"line":123,"column":53},"end":{"line":123,"column":54}},"loc":{"start":{"line":123,"column":73},"end":{"line":144,"column":3}},"line":123},"11":{"name":"(anonymous_11)","decl":{"start":{"line":131,"column":47},"end":{"line":131,"column":48}},"loc":{"start":{"line":131,"column":66},"end":{"line":142,"column":7}},"line":131},"12":{"name":"(anonymous_12)","decl":{"start":{"line":147,"column":26},"end":{"line":147,"column":27}},"loc":{"start":{"line":147,"column":40},"end":{"line":176,"column":1}},"line":147},"13":{"name":"(anonymous_13)","decl":{"start":{"line":149,"column":53},"end":{"line":149,"column":54}},"loc":{"start":{"line":149,"column":72},"end":{"line":175,"column":3}},"line":149},"14":{"name":"(anonymous_14)","decl":{"start":{"line":160,"column":8},"end":{"line":160,"column":9}},"loc":{"start":{"line":160,"column":28},"end":{"line":165,"column":9}},"line":160},"15":{"name":"(anonymous_15)","decl":{"start":{"line":167,"column":56},"end":{"line":167,"column":57}},"loc":{"start":{"line":167,"column":76},"end":{"line":172,"column":7}},"line":167}},"branchMap":{"0":{"loc":{"start":{"line":8,"column":4},"end":{"line":11,"column":5}},"type":"if","locations":[{"start":{"line":8,"column":4},"end":{"line":11,"column":5}},{"start":{},"end":{}}],"line":8},"1":{"loc":{"start":{"line":12,"column":4},"end":{"line":16,"column":5}},"type":"if","locations":[{"start":{"line":12,"column":4},"end":{"line":16,"column":5}},{"start":{"line":14,"column":11},"end":{"line":16,"column":5}}],"line":12},"2":{"loc":{"start":{"line":24,"column":4},"end":{"line":27,"column":5}},"type":"if","locations":[{"start":{"line":24,"column":4},"end":{"line":27,"column":5}},{"start":{},"end":{}}],"line":24},"3":{"loc":{"start":{"line":28,"column":4},"end":{"line":30,"column":5}},"type":"if","locations":[{"start":{"line":28,"column":4},"end":{"line":30,"column":5}},{"start":{},"end":{}}],"line":28},"4":{"loc":{"start":{"line":39,"column":4},"end":{"line":42,"column":5}},"type":"if","locations":[{"start":{"line":39,"column":4},"end":{"line":42,"column":5}},{"start":{},"end":{}}],"line":39},"5":{"loc":{"start":{"line":44,"column":4},"end":{"line":75,"column":5}},"type":"if","locations":[{"start":{"line":44,"column":4},"end":{"line":75,"column":5}},{"start":{"line":46,"column":11},"end":{"line":75,"column":5}}],"line":44},"6":{"loc":{"start":{"line":51,"column":10},"end":{"line":53,"column":11}},"type":"if","locations":[{"start":{"line":51,"column":10},"end":{"line":53,"column":11}},{"start":{},"end":{}}],"line":51},"7":{"loc":{"start":{"line":55,"column":10},"end":{"line":72,"column":11}},"type":"if","locations":[{"start":{"line":55,"column":10},"end":{"line":72,"column":11}},{"start":{"line":57,"column":17},"end":{"line":72,"column":11}}],"line":55},"8":{"loc":{"start":{"line":59,"column":14},"end":{"line":62,"column":15}},"type":"if","locations":[{"start":{"line":59,"column":14},"end":{"line":62,"column":15}},{"start":{},"end":{}}],"line":59},"9":{"loc":{"start":{"line":66,"column":14},"end":{"line":69,"column":15}},"type":"if","locations":[{"start":{"line":66,"column":14},"end":{"line":69,"column":15}},{"start":{},"end":{}}],"line":66},"10":{"loc":{"start":{"line":83,"column":2},"end":{"line":93,"column":3}},"type":"if","locations":[{"start":{"line":83,"column":2},"end":{"line":93,"column":3}},{"start":{},"end":{}}],"line":83},"11":{"loc":{"start":{"line":84,"column":4},"end":{"line":88,"column":33}},"type":"binary-expr","locations":[{"start":{"line":84,"column":4},"end":{"line":84,"column":15}},{"start":{"line":85,"column":4},"end":{"line":85,"column":14}},{"start":{"line":86,"column":4},"end":{"line":86,"column":10}},{"start":{"line":87,"column":4},"end":{"line":87,"column":13}},{"start":{"line":88,"column":4},"end":{"line":88,"column":33}}],"line":84},"12":{"loc":{"start":{"line":98,"column":2},"end":{"line":101,"column":3}},"type":"if","locations":[{"start":{"line":98,"column":2},"end":{"line":101,"column":3}},{"start":{},"end":{}}],"line":98},"13":{"loc":{"start":{"line":102,"column":2},"end":{"line":105,"column":3}},"type":"if","locations":[{"start":{"line":102,"column":2},"end":{"line":105,"column":3}},{"start":{},"end":{}}],"line":102},"14":{"loc":{"start":{"line":106,"column":2},"end":{"line":109,"column":3}},"type":"if","locations":[{"start":{"line":106,"column":2},"end":{"line":109,"column":3}},{"start":{},"end":{}}],"line":106},"15":{"loc":{"start":{"line":110,"column":2},"end":{"line":113,"column":3}},"type":"if","locations":[{"start":{"line":110,"column":2},"end":{"line":113,"column":3}},{"start":{},"end":{}}],"line":110},"16":{"loc":{"start":{"line":114,"column":2},"end":{"line":117,"column":3}},"type":"if","locations":[{"start":{"line":114,"column":2},"end":{"line":117,"column":3}},{"start":{},"end":{}}],"line":114},"17":{"loc":{"start":{"line":124,"column":4},"end":{"line":127,"column":5}},"type":"if","locations":[{"start":{"line":124,"column":4},"end":{"line":127,"column":5}},{"start":{},"end":{}}],"line":124},"18":{"loc":{"start":{"line":128,"column":4},"end":{"line":143,"column":5}},"type":"if","locations":[{"start":{"line":128,"column":4},"end":{"line":143,"column":5}},{"start":{"line":130,"column":11},"end":{"line":143,"column":5}}],"line":128},"19":{"loc":{"start":{"line":132,"column":8},"end":{"line":135,"column":9}},"type":"if","locations":[{"start":{"line":132,"column":8},"end":{"line":135,"column":9}},{"start":{},"end":{}}],"line":132},"20":{"loc":{"start":{"line":137,"column":8},"end":{"line":139,"column":9}},"type":"if","locations":[{"start":{"line":137,"column":8},"end":{"line":139,"column":9}},{"start":{},"end":{}}],"line":137},"21":{"loc":{"start":{"line":150,"column":4},"end":{"line":153,"column":5}},"type":"if","locations":[{"start":{"line":150,"column":4},"end":{"line":153,"column":5}},{"start":{},"end":{}}],"line":150},"22":{"loc":{"start":{"line":154,"column":4},"end":{"line":174,"column":5}},"type":"if","locations":[{"start":{"line":154,"column":4},"end":{"line":174,"column":5}},{"start":{"line":156,"column":11},"end":{"line":174,"column":5}}],"line":154},"23":{"loc":{"start":{"line":161,"column":10},"end":{"line":164,"column":11}},"type":"if","locations":[{"start":{"line":161,"column":10},"end":{"line":164,"column":11}},{"start":{},"end":{}}],"line":161},"24":{"loc":{"start":{"line":168,"column":8},"end":{"line":171,"column":9}},"type":"if","locations":[{"start":{"line":168,"column":8},"end":{"line":171,"column":9}},{"start":{},"end":{}}],"line":168}},"s":{"0":0,"1":0,"2":0,"3":0,"4":0,"5":0,"6":0,"7":0,"8":0,"9":0,"10":0,"11":0,"12":0,"13":0,"14":0,"15":0,"16":0,"17":0,"18":0,"19":0,"20":0,"21":0,"22":0,"23":0,"24":0,"25":0,"26":0,"27":0,"28":0,"29":0,"30":0,"31":0,"32":0,"33":0,"34":0,"35":0,"36":0,"37":0,"38":0,"39":0,"40":0,"41":0,"42":0,"43":0,"44":0,"45":0,"46":0,"47":0,"48":0,"49":0,"50":0,"51":0,"52":0,"53":0,"54":0,"55":0,"56":0,"57":0,"58":0,"59":0,"60":0,"61":0,"62":0,"63":0,"64":0,"65":0,"66":0,"67":0,"68":0,"69":0,"70":0,"71":0,"72":0,"73":0,"74":0,"75":0,"76":0,"77":0,"78":0,"79":0,"80":0,"81":0,"82":0,"83":0,"84":0,"85":0,"86":0,"87":0,"88":0,"89":0,"90":0,"91":0,"92":0,"93":0,"94":0,"95":0,"96":0,"97":0,"98":0,"99":0,"100":0},"f":{"0":0,"1":0,"2":0,"3":0,"4":0,"5":0,"6":0,"7":0,"8":0,"9":0,"10":0,"11":0,"12":0,"13":0,"14":0,"15":0},"b":{"0":[0,0],"1":[0,0],"2":[0,0],"3":[0,0],"4":[0,0],"5":[0,0],"6":[0,0],"7":[0,0],"8":[0,0],"9":[0,0],"10":[0,0],"11":[0,0,0,0,0],"12":[0,0],"13":[0,0],"14":[0,0],"15":[0,0],"16":[0,0],"17":[0,0],"18":[0,0],"19":[0,0],"20":[0,0],"21":[0,0],"22":[0,0],"23":[0,0],"24":[0,0]}}
,"C:\\Users\\Khali\\OneDrive\\Bureau\\CONCORDIA\\SOEN 390\\App\\Butler\\server\\src\\CondoRenter\\queries.js": {"path":"C:\\Users\\Khali\\OneDrive\\Bureau\\CONCORDIA\\SOEN 390\\App\\Butler\\server\\src\\CondoRenter\\queries.js","statementMap":{"0":{"start":{"line":2,"column":2},"end":{"line":3,"column":72}},"1":{"start":{"line":5,"column":2},"end":{"line":6,"column":95}},"2":{"start":{"line":7,"column":29},"end":{"line":7,"column":80}},"3":{"start":{"line":9,"column":2},"end":{"line":9,"column":96}},"4":{"start":{"line":11,"column":2},"end":{"line":11,"column":96}},"5":{"start":{"line":12,"column":26},"end":{"line":12,"column":67}},"6":{"start":{"line":14,"column":2},"end":{"line":14,"column":97}},"7":{"start":{"line":16,"column":2},"end":{"line":16,"column":117}},"8":{"start":{"line":18,"column":0},"end":{"line":27,"column":2}}},"fnMap":{},"branchMap":{},"s":{"0":0,"1":0,"2":0,"3":0,"4":0,"5":0,"6":0,"7":0,"8":0},"f":{},"b":{}}
,"C:\\Users\\Khali\\OneDrive\\Bureau\\CONCORDIA\\SOEN 390\\App\\Butler\\server\\src\\CondoRenter\\routes.js": {"path":"C:\\Users\\Khali\\OneDrive\\Bureau\\CONCORDIA\\SOEN 390\\App\\Butler\\server\\src\\CondoRenter\\routes.js","statementMap":{"0":{"start":{"line":1,"column":17},"end":{"line":1,"column":35}},"1":{"start":{"line":2,"column":19},"end":{"line":2,"column":42}},"2":{"start":{"line":3,"column":26},"end":{"line":3,"column":59}},"3":{"start":{"line":4,"column":15},"end":{"line":4,"column":23}},"4":{"start":{"line":6,"column":0},"end":{"line":6,"column":63}},"5":{"start":{"line":7,"column":0},"end":{"line":7,"column":75}},"6":{"start":{"line":8,"column":0},"end":{"line":8,"column":44}},"7":{"start":{"line":9,"column":0},"end":{"line":9,"column":76}},"8":{"start":{"line":10,"column":0},"end":{"line":10,"column":77}},"9":{"start":{"line":12,"column":0},"end":{"line":12,"column":24}}},"fnMap":{},"branchMap":{},"s":{"0":0,"1":0,"2":0,"3":0,"4":0,"5":0,"6":0,"7":0,"8":0,"9":0},"f":{},"b":{}}
,"C:\\Users\\Khali\\OneDrive\\Bureau\\CONCORDIA\\SOEN 390\\App\\Butler\\server\\src\\Login\\controller.js": {"path":"C:\\Users\\Khali\\OneDrive\\Bureau\\CONCORDIA\\SOEN 390\\App\\Butler\\server\\src\\Login\\controller.js","statementMap":{"0":{"start":{"line":1,"column":13},"end":{"line":1,"column":32}},"1":{"start":{"line":2,"column":18},"end":{"line":2,"column":50}},"2":{"start":{"line":3,"column":19},"end":{"line":3,"column":44}},"3":{"start":{"line":4,"column":12},"end":{"line":4,"column":35}},"4":{"start":{"line":5,"column":15},"end":{"line":5,"column":32}},"5":{"start":{"line":7,"column":21},"end":{"line":7,"column":47}},"6":{"start":{"line":8,"column":22},"end":{"line":8,"column":54}},"7":{"start":{"line":10,"column":23},"end":{"line":14,"column":1}},"8":{"start":{"line":11,"column":22},"end":{"line":11,"column":75}},"9":{"start":{"line":12,"column":23},"end":{"line":12,"column":55}},"10":{"start":{"line":13,"column":2},"end":{"line":13,"column":46}},"11":{"start":{"line":16,"column":20},"end":{"line":37,"column":1}},"12":{"start":{"line":17,"column":2},"end":{"line":36,"column":3}},"13":{"start":{"line":18,"column":21},"end":{"line":18,"column":78}},"14":{"start":{"line":19,"column":4},"end":{"line":21,"column":5}},"15":{"start":{"line":20,"column":6},"end":{"line":20,"column":18}},"16":{"start":{"line":23,"column":17},"end":{"line":23,"column":33}},"17":{"start":{"line":24,"column":26},"end":{"line":24,"column":71}},"18":{"start":{"line":26,"column":4},"end":{"line":32,"column":14}},"19":{"start":{"line":34,"column":4},"end":{"line":34,"column":54}},"20":{"start":{"line":35,"column":4},"end":{"line":35,"column":16}},"21":{"start":{"line":39,"column":21},"end":{"line":59,"column":1}},"22":{"start":{"line":40,"column":2},"end":{"line":58,"column":3}},"23":{"start":{"line":41,"column":22},"end":{"line":41,"column":81}},"24":{"start":{"line":42,"column":4},"end":{"line":44,"column":5}},"25":{"start":{"line":43,"column":6},"end":{"line":43,"column":18}},"26":{"start":{"line":46,"column":16},"end":{"line":46,"column":33}},"27":{"start":{"line":47,"column":26},"end":{"line":47,"column":70}},"28":{"start":{"line":49,"column":4},"end":{"line":54,"column":14}},"29":{"start":{"line":56,"column":4},"end":{"line":56,"column":55}},"30":{"start":{"line":57,"column":4},"end":{"line":57,"column":16}},"31":{"start":{"line":61,"column":14},"end":{"line":89,"column":1}},"32":{"start":{"line":62,"column":2},"end":{"line":62,"column":30}},"33":{"start":{"line":63,"column":30},"end":{"line":63,"column":38}},"34":{"start":{"line":65,"column":25},"end":{"line":68,"column":3}},"35":{"start":{"line":66,"column":20},"end":{"line":66,"column":37}},"36":{"start":{"line":67,"column":23},"end":{"line":67,"column":81}},"37":{"start":{"line":67,"column":41},"end":{"line":67,"column":80}},"38":{"start":{"line":70,"column":19},"end":{"line":70,"column":40}},"39":{"start":{"line":72,"column":2},"end":{"line":88,"column":3}},"40":{"start":{"line":73,"column":20},"end":{"line":73,"column":54}},"41":{"start":{"line":75,"column":4},"end":{"line":77,"column":5}},"42":{"start":{"line":76,"column":6},"end":{"line":76,"column":36}},"43":{"start":{"line":79,"column":21},"end":{"line":79,"column":56}},"44":{"start":{"line":80,"column":4},"end":{"line":82,"column":5}},"45":{"start":{"line":81,"column":6},"end":{"line":81,"column":37}},"46":{"start":{"line":84,"column":4},"end":{"line":84,"column":79}},"47":{"start":{"line":86,"column":4},"end":{"line":86,"column":48}},"48":{"start":{"line":87,"column":4},"end":{"line":87,"column":75}},"49":{"start":{"line":91,"column":0},"end":{"line":91,"column":54}}},"fnMap":{"0":{"name":"(anonymous_0)","decl":{"start":{"line":10,"column":23},"end":{"line":10,"column":24}},"loc":{"start":{"line":10,"column":36},"end":{"line":14,"column":1}},"line":10},"1":{"name":"(anonymous_1)","decl":{"start":{"line":16,"column":20},"end":{"line":16,"column":21}},"loc":{"start":{"line":16,"column":47},"end":{"line":37,"column":1}},"line":16},"2":{"name":"(anonymous_2)","decl":{"start":{"line":39,"column":21},"end":{"line":39,"column":22}},"loc":{"start":{"line":39,"column":48},"end":{"line":59,"column":1}},"line":39},"3":{"name":"(anonymous_3)","decl":{"start":{"line":61,"column":14},"end":{"line":61,"column":15}},"loc":{"start":{"line":61,"column":34},"end":{"line":89,"column":1}},"line":61},"4":{"name":"(anonymous_4)","decl":{"start":{"line":66,"column":10},"end":{"line":66,"column":11}},"loc":{"start":{"line":66,"column":20},"end":{"line":66,"column":37}},"line":66},"5":{"name":"(anonymous_5)","decl":{"start":{"line":67,"column":12},"end":{"line":67,"column":13}},"loc":{"start":{"line":67,"column":23},"end":{"line":67,"column":81}},"line":67},"6":{"name":"(anonymous_6)","decl":{"start":{"line":67,"column":31},"end":{"line":67,"column":32}},"loc":{"start":{"line":67,"column":41},"end":{"line":67,"column":80}},"line":67}},"branchMap":{"0":{"loc":{"start":{"line":19,"column":4},"end":{"line":21,"column":5}},"type":"if","locations":[{"start":{"line":19,"column":4},"end":{"line":21,"column":5}},{"start":{},"end":{}}],"line":19},"1":{"loc":{"start":{"line":26,"column":11},"end":{"line":32,"column":13}},"type":"cond-expr","locations":[{"start":{"line":26,"column":27},"end":{"line":32,"column":6}},{"start":{"line":32,"column":9},"end":{"line":32,"column":13}}],"line":26},"2":{"loc":{"start":{"line":42,"column":4},"end":{"line":44,"column":5}},"type":"if","locations":[{"start":{"line":42,"column":4},"end":{"line":44,"column":5}},{"start":{},"end":{}}],"line":42},"3":{"loc":{"start":{"line":49,"column":11},"end":{"line":54,"column":13}},"type":"cond-expr","locations":[{"start":{"line":49,"column":27},"end":{"line":54,"column":6}},{"start":{"line":54,"column":9},"end":{"line":54,"column":13}}],"line":49},"4":{"loc":{"start":{"line":70,"column":19},"end":{"line":70,"column":40}},"type":"binary-expr","locations":[{"start":{"line":70,"column":19},"end":{"line":70,"column":22}},{"start":{"line":70,"column":26},"end":{"line":70,"column":40}}],"line":70},"5":{"loc":{"start":{"line":75,"column":4},"end":{"line":77,"column":5}},"type":"if","locations":[{"start":{"line":75,"column":4},"end":{"line":77,"column":5}},{"start":{},"end":{}}],"line":75},"6":{"loc":{"start":{"line":80,"column":4},"end":{"line":82,"column":5}},"type":"if","locations":[{"start":{"line":80,"column":4},"end":{"line":82,"column":5}},{"start":{},"end":{}}],"line":80}},"s":{"0":0,"1":0,"2":0,"3":0,"4":0,"5":0,"6":0,"7":0,"8":0,"9":0,"10":0,"11":0,"12":0,"13":0,"14":0,"15":0,"16":0,"17":0,"18":0,"19":0,"20":0,"21":0,"22":0,"23":0,"24":0,"25":0,"26":0,"27":0,"28":0,"29":0,"30":0,"31":0,"32":0,"33":0,"34":0,"35":0,"36":0,"37":0,"38":0,"39":0,"40":0,"41":0,"42":0,"43":0,"44":0,"45":0,"46":0,"47":0,"48":0,"49":0},"f":{"0":0,"1":0,"2":0,"3":0,"4":0,"5":0,"6":0},"b":{"0":[0,0],"1":[0,0],"2":[0,0],"3":[0,0],"4":[0,0],"5":[0,0],"6":[0,0]}}
,"C:\\Users\\Khali\\OneDrive\\Bureau\\CONCORDIA\\SOEN 390\\App\\Butler\\server\\src\\Login\\routes.js": {"path":"C:\\Users\\Khali\\OneDrive\\Bureau\\CONCORDIA\\SOEN 390\\App\\Butler\\server\\src\\Login\\routes.js","statementMap":{"0":{"start":{"line":1,"column":17},"end":{"line":1,"column":35}},"1":{"start":{"line":2,"column":19},"end":{"line":2,"column":42}},"2":{"start":{"line":3,"column":15},"end":{"line":3,"column":23}},"3":{"start":{"line":5,"column":0},"end":{"line":5,"column":35}},"4":{"start":{"line":7,"column":0},"end":{"line":7,"column":24}}},"fnMap":{},"branchMap":{},"s":{"0":0,"1":0,"2":0,"3":0,"4":0},"f":{},"b":{}}
,"C:\\Users\\Khali\\OneDrive\\Bureau\\CONCORDIA\\SOEN 390\\App\\Butler\\server\\src\\Property\\controller.js": {"path":"C:\\Users\\Khali\\OneDrive\\Bureau\\CONCORDIA\\SOEN 390\\App\\Butler\\server\\src\\Property\\controller.js","statementMap":{"0":{"start":{"line":1,"column":13},"end":{"line":1,"column":32}},"1":{"start":{"line":2,"column":16},"end":{"line":2,"column":36}},"2":{"start":{"line":5,"column":22},"end":{"line":19,"column":1}},"3":{"start":{"line":6,"column":4},"end":{"line":6,"column":38}},"4":{"start":{"line":9,"column":4},"end":{"line":18,"column":7}},"5":{"start":{"line":10,"column":8},"end":{"line":17,"column":9}},"6":{"start":{"line":12,"column":12},"end":{"line":12,"column":62}},"7":{"start":{"line":13,"column":12},"end":{"line":13,"column":76}},"8":{"start":{"line":16,"column":12},"end":{"line":16,"column":47}},"9":{"start":{"line":22,"column":24},"end":{"line":42,"column":1}},"10":{"start":{"line":23,"column":4},"end":{"line":23,"column":51}},"11":{"start":{"line":26,"column":24},"end":{"line":26,"column":56}},"12":{"start":{"line":29,"column":4},"end":{"line":41,"column":7}},"13":{"start":{"line":30,"column":8},"end":{"line":40,"column":9}},"14":{"start":{"line":32,"column":12},"end":{"line":32,"column":69}},"15":{"start":{"line":33,"column":12},"end":{"line":33,"column":76}},"16":{"start":{"line":34,"column":15},"end":{"line":40,"column":9}},"17":{"start":{"line":36,"column":12},"end":{"line":36,"column":73}},"18":{"start":{"line":39,"column":12},"end":{"line":39,"column":53}},"19":{"start":{"line":45,"column":20},"end":{"line":86,"column":1}},"20":{"start":{"line":46,"column":4},"end":{"line":46,"column":34}},"21":{"start":{"line":47,"column":91},"end":{"line":47,"column":99}},"22":{"start":{"line":50,"column":4},"end":{"line":85,"column":7}},"23":{"start":{"line":51,"column":8},"end":{"line":84,"column":9}},"24":{"start":{"line":53,"column":12},"end":{"line":53,"column":76}},"25":{"start":{"line":54,"column":12},"end":{"line":54,"column":76}},"26":{"start":{"line":55,"column":15},"end":{"line":84,"column":9}},"27":{"start":{"line":57,"column":12},"end":{"line":57,"column":83}},"28":{"start":{"line":60,"column":12},"end":{"line":83,"column":15}},"29":{"start":{"line":61,"column":16},"end":{"line":82,"column":17}},"30":{"start":{"line":63,"column":20},"end":{"line":63,"column":67}},"31":{"start":{"line":64,"column":20},"end":{"line":64,"column":84}},"32":{"start":{"line":65,"column":23},"end":{"line":82,"column":17}},"33":{"start":{"line":67,"column":20},"end":{"line":67,"column":74}},"34":{"start":{"line":70,"column":20},"end":{"line":81,"column":27}},"35":{"start":{"line":74,"column":28},"end":{"line":78,"column":29}},"36":{"start":{"line":76,"column":32},"end":{"line":76,"column":79}},"37":{"start":{"line":77,"column":32},"end":{"line":77,"column":96}},"38":{"start":{"line":80,"column":28},"end":{"line":80,"column":102}},"39":{"start":{"line":89,"column":23},"end":{"line":147,"column":1}},"40":{"start":{"line":90,"column":24},"end":{"line":90,"column":46}},"41":{"start":{"line":91,"column":80},"end":{"line":91,"column":88}},"42":{"start":{"line":94,"column":4},"end":{"line":96,"column":5}},"43":{"start":{"line":95,"column":8},"end":{"line":95,"column":94}},"44":{"start":{"line":98,"column":23},"end":{"line":98,"column":25}},"45":{"start":{"line":99,"column":19},"end":{"line":99,"column":21}},"46":{"start":{"line":102,"column":4},"end":{"line":105,"column":5}},"47":{"start":{"line":103,"column":8},"end":{"line":103,"column":67}},"48":{"start":{"line":104,"column":8},"end":{"line":104,"column":35}},"49":{"start":{"line":106,"column":4},"end":{"line":109,"column":5}},"50":{"start":{"line":107,"column":8},"end":{"line":107,"column":64}},"51":{"start":{"line":108,"column":8},"end":{"line":108,"column":32}},"52":{"start":{"line":110,"column":4},"end":{"line":113,"column":5}},"53":{"start":{"line":111,"column":8},"end":{"line":111,"column":67}},"54":{"start":{"line":112,"column":8},"end":{"line":112,"column":35}},"55":{"start":{"line":114,"column":4},"end":{"line":117,"column":5}},"56":{"start":{"line":115,"column":8},"end":{"line":115,"column":66}},"57":{"start":{"line":116,"column":8},"end":{"line":116,"column":34}},"58":{"start":{"line":118,"column":4},"end":{"line":121,"column":5}},"59":{"start":{"line":119,"column":8},"end":{"line":119,"column":61}},"60":{"start":{"line":120,"column":8},"end":{"line":120,"column":29}},"61":{"start":{"line":123,"column":18},"end":{"line":123,"column":106}},"62":{"start":{"line":126,"column":4},"end":{"line":146,"column":7}},"63":{"start":{"line":127,"column":8},"end":{"line":145,"column":9}},"64":{"start":{"line":129,"column":12},"end":{"line":129,"column":69}},"65":{"start":{"line":130,"column":12},"end":{"line":130,"column":76}},"66":{"start":{"line":131,"column":15},"end":{"line":145,"column":9}},"67":{"start":{"line":133,"column":12},"end":{"line":133,"column":81}},"68":{"start":{"line":136,"column":12},"end":{"line":144,"column":15}},"69":{"start":{"line":137,"column":16},"end":{"line":141,"column":17}},"70":{"start":{"line":139,"column":20},"end":{"line":139,"column":77}},"71":{"start":{"line":140,"column":20},"end":{"line":140,"column":84}},"72":{"start":{"line":143,"column":16},"end":{"line":143,"column":91}},"73":{"start":{"line":150,"column":23},"end":{"line":175,"column":1}},"74":{"start":{"line":151,"column":24},"end":{"line":151,"column":56}},"75":{"start":{"line":152,"column":4},"end":{"line":174,"column":7}},"76":{"start":{"line":153,"column":8},"end":{"line":173,"column":9}},"77":{"start":{"line":155,"column":12},"end":{"line":155,"column":71}},"78":{"start":{"line":156,"column":12},"end":{"line":156,"column":76}},"79":{"start":{"line":158,"column":15},"end":{"line":173,"column":9}},"80":{"start":{"line":160,"column":12},"end":{"line":160,"column":73}},"81":{"start":{"line":164,"column":12},"end":{"line":172,"column":15}},"82":{"start":{"line":165,"column":16},"end":{"line":169,"column":17}},"83":{"start":{"line":167,"column":20},"end":{"line":167,"column":77}},"84":{"start":{"line":168,"column":20},"end":{"line":168,"column":84}},"85":{"start":{"line":171,"column":16},"end":{"line":171,"column":92}},"86":{"start":{"line":177,"column":0},"end":{"line":183,"column":2}}},"fnMap":{"0":{"name":"(anonymous_0)","decl":{"start":{"line":5,"column":22},"end":{"line":5,"column":23}},"loc":{"start":{"line":5,"column":36},"end":{"line":19,"column":1}},"line":5},"1":{"name":"(anonymous_1)","decl":{"start":{"line":9,"column":38},"end":{"line":9,"column":39}},"loc":{"start":{"line":9,"column":58},"end":{"line":18,"column":5}},"line":9},"2":{"name":"(anonymous_2)","decl":{"start":{"line":22,"column":24},"end":{"line":22,"column":25}},"loc":{"start":{"line":22,"column":38},"end":{"line":42,"column":1}},"line":22},"3":{"name":"(anonymous_3)","decl":{"start":{"line":29,"column":55},"end":{"line":29,"column":56}},"loc":{"start":{"line":29,"column":75},"end":{"line":41,"column":5}},"line":29},"4":{"name":"(anonymous_4)","decl":{"start":{"line":45,"column":20},"end":{"line":45,"column":21}},"loc":{"start":{"line":45,"column":34},"end":{"line":86,"column":1}},"line":45},"5":{"name":"(anonymous_5)","decl":{"start":{"line":50,"column":67},"end":{"line":50,"column":68}},"loc":{"start":{"line":50,"column":87},"end":{"line":85,"column":5}},"line":50},"6":{"name":"(anonymous_6)","decl":{"start":{"line":60,"column":66},"end":{"line":60,"column":67}},"loc":{"start":{"line":60,"column":86},"end":{"line":83,"column":13}},"line":60},"7":{"name":"(anonymous_7)","decl":{"start":{"line":73,"column":24},"end":{"line":73,"column":25}},"loc":{"start":{"line":73,"column":43},"end":{"line":81,"column":25}},"line":73},"8":{"name":"(anonymous_8)","decl":{"start":{"line":89,"column":23},"end":{"line":89,"column":24}},"loc":{"start":{"line":89,"column":37},"end":{"line":147,"column":1}},"line":89},"9":{"name":"(anonymous_9)","decl":{"start":{"line":126,"column":55},"end":{"line":126,"column":56}},"loc":{"start":{"line":126,"column":75},"end":{"line":146,"column":5}},"line":126},"10":{"name":"(anonymous_10)","decl":{"start":{"line":136,"column":56},"end":{"line":136,"column":57}},"loc":{"start":{"line":136,"column":75},"end":{"line":144,"column":13}},"line":136},"11":{"name":"(anonymous_11)","decl":{"start":{"line":150,"column":23},"end":{"line":150,"column":24}},"loc":{"start":{"line":150,"column":37},"end":{"line":175,"column":1}},"line":150},"12":{"name":"(anonymous_12)","decl":{"start":{"line":152,"column":55},"end":{"line":152,"column":56}},"loc":{"start":{"line":152,"column":75},"end":{"line":174,"column":5}},"line":152},"13":{"name":"(anonymous_13)","decl":{"start":{"line":164,"column":62},"end":{"line":164,"column":63}},"loc":{"start":{"line":164,"column":82},"end":{"line":172,"column":13}},"line":164}},"branchMap":{"0":{"loc":{"start":{"line":10,"column":8},"end":{"line":17,"column":9}},"type":"if","locations":[{"start":{"line":10,"column":8},"end":{"line":17,"column":9}},{"start":{"line":14,"column":15},"end":{"line":17,"column":9}}],"line":10},"1":{"loc":{"start":{"line":30,"column":8},"end":{"line":40,"column":9}},"type":"if","locations":[{"start":{"line":30,"column":8},"end":{"line":40,"column":9}},{"start":{"line":34,"column":15},"end":{"line":40,"column":9}}],"line":30},"2":{"loc":{"start":{"line":34,"column":15},"end":{"line":40,"column":9}},"type":"if","locations":[{"start":{"line":34,"column":15},"end":{"line":40,"column":9}},{"start":{"line":37,"column":15},"end":{"line":40,"column":9}}],"line":34},"3":{"loc":{"start":{"line":51,"column":8},"end":{"line":84,"column":9}},"type":"if","locations":[{"start":{"line":51,"column":8},"end":{"line":84,"column":9}},{"start":{"line":55,"column":15},"end":{"line":84,"column":9}}],"line":51},"4":{"loc":{"start":{"line":55,"column":15},"end":{"line":84,"column":9}},"type":"if","locations":[{"start":{"line":55,"column":15},"end":{"line":84,"column":9}},{"start":{"line":58,"column":15},"end":{"line":84,"column":9}}],"line":55},"5":{"loc":{"start":{"line":61,"column":16},"end":{"line":82,"column":17}},"type":"if","locations":[{"start":{"line":61,"column":16},"end":{"line":82,"column":17}},{"start":{"line":65,"column":23},"end":{"line":82,"column":17}}],"line":61},"6":{"loc":{"start":{"line":65,"column":23},"end":{"line":82,"column":17}},"type":"if","locations":[{"start":{"line":65,"column":23},"end":{"line":82,"column":17}},{"start":{"line":68,"column":23},"end":{"line":82,"column":17}}],"line":65},"7":{"loc":{"start":{"line":74,"column":28},"end":{"line":78,"column":29}},"type":"if","locations":[{"start":{"line":74,"column":28},"end":{"line":78,"column":29}},{"start":{},"end":{}}],"line":74},"8":{"loc":{"start":{"line":94,"column":4},"end":{"line":96,"column":5}},"type":"if","locations":[{"start":{"line":94,"column":4},"end":{"line":96,"column":5}},{"start":{},"end":{}}],"line":94},"9":{"loc":{"start":{"line":94,"column":8},"end":{"line":94,"column":84}},"type":"binary-expr","locations":[{"start":{"line":94,"column":8},"end":{"line":94,"column":22}},{"start":{"line":94,"column":26},"end":{"line":94,"column":37}},{"start":{"line":94,"column":41},"end":{"line":94,"column":55}},{"start":{"line":94,"column":59},"end":{"line":94,"column":72}},{"start":{"line":94,"column":76},"end":{"line":94,"column":84}}],"line":94},"10":{"loc":{"start":{"line":102,"column":4},"end":{"line":105,"column":5}},"type":"if","locations":[{"start":{"line":102,"column":4},"end":{"line":105,"column":5}},{"start":{},"end":{}}],"line":102},"11":{"loc":{"start":{"line":106,"column":4},"end":{"line":109,"column":5}},"type":"if","locations":[{"start":{"line":106,"column":4},"end":{"line":109,"column":5}},{"start":{},"end":{}}],"line":106},"12":{"loc":{"start":{"line":110,"column":4},"end":{"line":113,"column":5}},"type":"if","locations":[{"start":{"line":110,"column":4},"end":{"line":113,"column":5}},{"start":{},"end":{}}],"line":110},"13":{"loc":{"start":{"line":114,"column":4},"end":{"line":117,"column":5}},"type":"if","locations":[{"start":{"line":114,"column":4},"end":{"line":117,"column":5}},{"start":{},"end":{}}],"line":114},"14":{"loc":{"start":{"line":118,"column":4},"end":{"line":121,"column":5}},"type":"if","locations":[{"start":{"line":118,"column":4},"end":{"line":121,"column":5}},{"start":{},"end":{}}],"line":118},"15":{"loc":{"start":{"line":127,"column":8},"end":{"line":145,"column":9}},"type":"if","locations":[{"start":{"line":127,"column":8},"end":{"line":145,"column":9}},{"start":{"line":131,"column":15},"end":{"line":145,"column":9}}],"line":127},"16":{"loc":{"start":{"line":131,"column":15},"end":{"line":145,"column":9}},"type":"if","locations":[{"start":{"line":131,"column":15},"end":{"line":145,"column":9}},{"start":{"line":134,"column":15},"end":{"line":145,"column":9}}],"line":131},"17":{"loc":{"start":{"line":137,"column":16},"end":{"line":141,"column":17}},"type":"if","locations":[{"start":{"line":137,"column":16},"end":{"line":141,"column":17}},{"start":{},"end":{}}],"line":137},"18":{"loc":{"start":{"line":153,"column":8},"end":{"line":173,"column":9}},"type":"if","locations":[{"start":{"line":153,"column":8},"end":{"line":173,"column":9}},{"start":{"line":158,"column":15},"end":{"line":173,"column":9}}],"line":153},"19":{"loc":{"start":{"line":158,"column":15},"end":{"line":173,"column":9}},"type":"if","locations":[{"start":{"line":158,"column":15},"end":{"line":173,"column":9}},{"start":{"line":162,"column":15},"end":{"line":173,"column":9}}],"line":158},"20":{"loc":{"start":{"line":165,"column":16},"end":{"line":169,"column":17}},"type":"if","locations":[{"start":{"line":165,"column":16},"end":{"line":169,"column":17}},{"start":{},"end":{}}],"line":165}},"s":{"0":0,"1":0,"2":0,"3":0,"4":0,"5":0,"6":0,"7":0,"8":0,"9":0,"10":0,"11":0,"12":0,"13":0,"14":0,"15":0,"16":0,"17":0,"18":0,"19":0,"20":0,"21":0,"22":0,"23":0,"24":0,"25":0,"26":0,"27":0,"28":0,"29":0,"30":0,"31":0,"32":0,"33":0,"34":0,"35":0,"36":0,"37":0,"38":0,"39":0,"40":0,"41":0,"42":0,"43":0,"44":0,"45":0,"46":0,"47":0,"48":0,"49":0,"50":0,"51":0,"52":0,"53":0,"54":0,"55":0,"56":0,"57":0,"58":0,"59":0,"60":0,"61":0,"62":0,"63":0,"64":0,"65":0,"66":0,"67":0,"68":0,"69":0,"70":0,"71":0,"72":0,"73":0,"74":0,"75":0,"76":0,"77":0,"78":0,"79":0,"80":0,"81":0,"82":0,"83":0,"84":0,"85":0,"86":0},"f":{"0":0,"1":0,"2":0,"3":0,"4":0,"5":0,"6":0,"7":0,"8":0,"9":0,"10":0,"11":0,"12":0,"13":0},"b":{"0":[0,0],"1":[0,0],"2":[0,0],"3":[0,0],"4":[0,0],"5":[0,0],"6":[0,0],"7":[0,0],"8":[0,0],"9":[0,0,0,0,0],"10":[0,0],"11":[0,0],"12":[0,0],"13":[0,0],"14":[0,0],"15":[0,0],"16":[0,0],"17":[0,0],"18":[0,0],"19":[0,0],"20":[0,0]}}
,"C:\\Users\\Khali\\OneDrive\\Bureau\\CONCORDIA\\SOEN 390\\App\\Butler\\server\\src\\Property\\queries.js": {"path":"C:\\Users\\Khali\\OneDrive\\Bureau\\CONCORDIA\\SOEN 390\\App\\Butler\\server\\src\\Property\\queries.js","statementMap":{"0":{"start":{"line":1,"column":22},"end":{"line":1,"column":46}},"1":{"start":{"line":2,"column":24},"end":{"line":2,"column":184}},"2":{"start":{"line":3,"column":29},"end":{"line":3,"column":98}},"3":{"start":{"line":4,"column":34},"end":{"line":4,"column":89}},"4":{"start":{"line":5,"column":20},"end":{"line":5,"column":151}},"5":{"start":{"line":6,"column":23},"end":{"line":6,"column":68}},"6":{"start":{"line":8,"column":0},"end":{"line":15,"column":1}}},"fnMap":{},"branchMap":{},"s":{"0":0,"1":0,"2":0,"3":0,"4":0,"5":0,"6":0},"f":{},"b":{}}
,"C:\\Users\\Khali\\OneDrive\\Bureau\\CONCORDIA\\SOEN 390\\App\\Butler\\server\\src\\Property\\routes.js": {"path":"C:\\Users\\Khali\\OneDrive\\Bureau\\CONCORDIA\\SOEN 390\\App\\Butler\\server\\src\\Property\\routes.js","statementMap":{"0":{"start":{"line":1,"column":17},"end":{"line":1,"column":35}},"1":{"start":{"line":2,"column":19},"end":{"line":2,"column":42}},"2":{"start":{"line":3,"column":26},"end":{"line":3,"column":59}},"3":{"start":{"line":4,"column":15},"end":{"line":4,"column":23}},"4":{"start":{"line":7,"column":0},"end":{"line":7,"column":60}},"5":{"start":{"line":8,"column":0},"end":{"line":8,"column":75}},"6":{"start":{"line":9,"column":0},"end":{"line":9,"column":60}},"7":{"start":{"line":10,"column":0},"end":{"line":10,"column":76}},"8":{"start":{"line":11,"column":0},"end":{"line":11,"column":77}},"9":{"start":{"line":13,"column":0},"end":{"line":13,"column":24}}},"fnMap":{},"branchMap":{},"s":{"0":0,"1":0,"2":0,"3":0,"4":0,"5":0,"6":0,"7":0,"8":0,"9":0},"f":{},"b":{}}
,"C:\\Users\\Khali\\OneDrive\\Bureau\\CONCORDIA\\SOEN 390\\App\\Butler\\server\\src\\PublicUser\\controller.js": {"path":"C:\\Users\\Khali\\OneDrive\\Bureau\\CONCORDIA\\SOEN 390\\App\\Butler\\server\\src\\PublicUser\\controller.js","statementMap":{"0":{"start":{"line":1,"column":13},"end":{"line":1,"column":32}},"1":{"start":{"line":2,"column":16},"end":{"line":2,"column":36}},"2":{"start":{"line":3,"column":15},"end":{"line":3,"column":32}},"3":{"start":{"line":5,"column":23},"end":{"line":19,"column":3}},"4":{"start":{"line":6,"column":4},"end":{"line":6,"column":40}},"5":{"start":{"line":7,"column":4},"end":{"line":18,"column":7}},"6":{"start":{"line":8,"column":8},"end":{"line":11,"column":9}},"7":{"start":{"line":9,"column":12},"end":{"line":9,"column":64}},"8":{"start":{"line":10,"column":12},"end":{"line":10,"column":76}},"9":{"start":{"line":12,"column":8},"end":{"line":17,"column":9}},"10":{"start":{"line":13,"column":12},"end":{"line":13,"column":77}},"11":{"start":{"line":16,"column":12},"end":{"line":16,"column":47}},"12":{"start":{"line":21,"column":26},"end":{"line":36,"column":1}},"13":{"start":{"line":22,"column":4},"end":{"line":22,"column":45}},"14":{"start":{"line":23,"column":19},"end":{"line":23,"column":46}},"15":{"start":{"line":24,"column":4},"end":{"line":35,"column":7}},"16":{"start":{"line":25,"column":8},"end":{"line":28,"column":9}},"17":{"start":{"line":26,"column":12},"end":{"line":26,"column":56}},"18":{"start":{"line":27,"column":12},"end":{"line":27,"column":76}},"19":{"start":{"line":29,"column":8},"end":{"line":34,"column":9}},"20":{"start":{"line":30,"column":12},"end":{"line":30,"column":76}},"21":{"start":{"line":33,"column":12},"end":{"line":33,"column":47}},"22":{"start":{"line":38,"column":22},"end":{"line":64,"column":1}},"23":{"start":{"line":39,"column":4},"end":{"line":39,"column":36}},"24":{"start":{"line":40,"column":70},"end":{"line":40,"column":78}},"25":{"start":{"line":41,"column":4},"end":{"line":63,"column":6}},"26":{"start":{"line":42,"column":8},"end":{"line":45,"column":9}},"27":{"start":{"line":43,"column":12},"end":{"line":43,"column":57}},"28":{"start":{"line":44,"column":12},"end":{"line":44,"column":76}},"29":{"start":{"line":46,"column":8},"end":{"line":60,"column":9}},"30":{"start":{"line":47,"column":12},"end":{"line":47,"column":57}},"31":{"start":{"line":50,"column":12},"end":{"line":59,"column":13}},"32":{"start":{"line":51,"column":40},"end":{"line":51,"column":70}},"33":{"start":{"line":52,"column":16},"end":{"line":55,"column":19}},"34":{"start":{"line":53,"column":20},"end":{"line":53,"column":42}},"35":{"start":{"line":53,"column":30},"end":{"line":53,"column":42}},"36":{"start":{"line":54,"column":20},"end":{"line":54,"column":78}},"37":{"start":{"line":57,"column":16},"end":{"line":57,"column":68}},"38":{"start":{"line":58,"column":16},"end":{"line":58,"column":73}},"39":{"start":{"line":67,"column":25},"end":{"line":124,"column":1}},"40":{"start":{"line":68,"column":19},"end":{"line":68,"column":36}},"41":{"start":{"line":69,"column":72},"end":{"line":69,"column":80}},"42":{"start":{"line":71,"column":4},"end":{"line":73,"column":5}},"43":{"start":{"line":72,"column":8},"end":{"line":72,"column":94}},"44":{"start":{"line":75,"column":23},"end":{"line":75,"column":25}},"45":{"start":{"line":76,"column":19},"end":{"line":76,"column":21}},"46":{"start":{"line":78,"column":4},"end":{"line":81,"column":5}},"47":{"start":{"line":79,"column":8},"end":{"line":79,"column":64}},"48":{"start":{"line":80,"column":8},"end":{"line":80,"column":32}},"49":{"start":{"line":82,"column":4},"end":{"line":85,"column":5}},"50"
[...]
ne":25},"3":{"loc":{"start":{"line":29,"column":8},"end":{"line":34,"column":9}},"type":"if","locations":[{"start":{"line":29,"column":8},"end":{"line":34,"column":9}},{"start":{"line":32,"column":12},"end":{"line":34,"column":9}}],"line":29},"4":{"loc":{"start":{"line":42,"column":8},"end":{"line":45,"column":9}},"type":"if","locations":[{"start":{"line":42,"column":8},"end":{"line":45,"column":9}},{"start":{},"end":{}}],"line":42},"5":{"loc":{"start":{"line":46,"column":8},"end":{"line":60,"column":9}},"type":"if","locations":[{"start":{"line":46,"column":8},"end":{"line":60,"column":9}},{"start":{"line":49,"column":12},"end":{"line":60,"column":9}}],"line":46},"6":{"loc":{"start":{"line":53,"column":20},"end":{"line":53,"column":42}},"type":"if","locations":[{"start":{"line":53,"column":20},"end":{"line":53,"column":42}},{"start":{},"end":{}}],"line":53},"7":{"loc":{"start":{"line":71,"column":4},"end":{"line":73,"column":5}},"type":"if","locations":[{"start":{"line":71,"column":4},"end":{"line":73,"column":5}},{"start":{},"end":{}}],"line":71},"8":{"loc":{"start":{"line":71,"column":8},"end":{"line":71,"column":98}},"type":"binary-expr","locations":[{"start":{"line":71,"column":8},"end":{"line":71,"column":19}},{"start":{"line":71,"column":23},"end":{"line":71,"column":33}},{"start":{"line":71,"column":37},"end":{"line":71,"column":43}},{"start":{"line":71,"column":47},"end":{"line":71,"column":56}},{"start":{"line":71,"column":60},"end":{"line":71,"column":65}},{"start":{"line":71,"column":69},"end":{"line":71,"column":98}}],"line":71},"9":{"loc":{"start":{"line":78,"column":4},"end":{"line":81,"column":5}},"type":"if","locations":[{"start":{"line":78,"column":4},"end":{"line":81,"column":5}},{"start":{},"end":{}}],"line":78},"10":{"loc":{"start":{"line":82,"column":4},"end":{"line":85,"column":5}},"type":"if","locations":[{"start":{"line":82,"column":4},"end":{"line":85,"column":5}},{"start":{},"end":{}}],"line":82},"11":{"loc":{"start":{"line":86,"column":4},"end":{"line":89,"column":5}},"type":"if","locations":[{"start":{"line":86,"column":4},"end":{"line":89,"column":5}},{"start":{},"end":{}}],"line":86},"12":{"loc":{"start":{"line":90,"column":4},"end":{"line":93,"column":5}},"type":"if","locations":[{"start":{"line":90,"column":4},"end":{"line":93,"column":5}},{"start":{},"end":{}}],"line":90},"13":{"loc":{"start":{"line":94,"column":4},"end":{"line":97,"column":5}},"type":"if","locations":[{"start":{"line":94,"column":4},"end":{"line":97,"column":5}},{"start":{},"end":{}}],"line":94},"14":{"loc":{"start":{"line":102,"column":8},"end":{"line":105,"column":9}},"type":"if","locations":[{"start":{"line":102,"column":8},"end":{"line":105,"column":9}},{"start":{},"end":{}}],"line":102},"15":{"loc":{"start":{"line":106,"column":8},"end":{"line":122,"column":9}},"type":"if","locations":[{"start":{"line":106,"column":8},"end":{"line":122,"column":9}},{"start":{"line":109,"column":12},"end":{"line":122,"column":9}}],"line":106},"16":{"loc":{"start":{"line":111,"column":16},"end":{"line":114,"column":17}},"type":"if","locations":[{"start":{"line":111,"column":16},"end":{"line":114,"column":17}},{"start":{},"end":{}}],"line":111},"17":{"loc":{"start":{"line":116,"column":16},"end":{"line":118,"column":17}},"type":"if","locations":[{"start":{"line":116,"column":16},"end":{"line":118,"column":17}},{"start":{},"end":{}}],"line":116},"18":{"loc":{"start":{"line":129,"column":8},"end":{"line":132,"column":9}},"type":"if","locations":[{"start":{"line":129,"column":8},"end":{"line":132,"column":9}},{"start":{},"end":{}}],"line":129},"19":{"loc":{"start":{"line":133,"column":8},"end":{"line":135,"column":9}},"type":"if","locations":[{"start":{"line":133,"column":8},"end":{"line":135,"column":9}},{"start":{},"end":{}}],"line":133},"20":{"loc":{"start":{"line":137,"column":12},"end":{"line":140,"column":13}},"type":"if","locations":[{"start":{"line":137,"column":12},"end":{"line":140,"column":13}},{"start":{},"end":{}}],"line":137}},"s":{"0":0,"1":0,"2":0,"3":0,"4":0,"5":0,"6":0,"7":0,"8":0,"9":0,"10":0,"11":0,"12":0,"13":0,"14":0,"15":0,"16":0,"17":0,"18":0,"19":0,"20":0,"21":0,"22":0,"23":0,"24":0,"25":0,"26":0,"27":0,"28":0,"29":0,"30":0,"31":0,"32":0,"33":0,"34":0,"35":0,"36":0,"37":0,"38":0,"39":0,"40":0,"41":0,"42":0,"43":0,"44":0,"45":0,"46":0,"47":0,"48":0,"49":0,"50":0,"51":0,"52":0,"53":0,"54":0,"55":0,"56":0,"57":0,"58":0,"59":0,"60":0,"61":0,"62":0,"63":0,"64":0,"65":0,"66":0,"67":0,"68":0,"69":0,"70":0,"71":0,"72":0,"73":0,"74":0,"75":0,"76":0,"77":0,"78":0,"79":0,"80":0,"81":0,"82":0,"83":0,"84":0,"85":0,"86":0,"87":0,"88":0},"f":{"0":0,"1":0,"2":0,"3":0,"4":0,"5":0,"6":0,"7":0,"8":0,"9":0,"10":0,"11":0,"12":0},"b":{"0":[0,0],"1":[0,0],"2":[0,0],"3":[0,0],"4":[0,0],"5":[0,0],"6":[0,0],"7":[0,0],"8":[0,0,0,0,0,0],"9":[0,0],"10":[0,0],"11":[0,0],"12":[0,0],"13":[0,0],"14":[0,0],"15":[0,0],"16":[0,0],"17":[0,0],"18":[0,0],"19":[0,0],"20":[0,0]}}
,"C:\\Users\\Khali\\OneDrive\\Bureau\\CONCORDIA\\SOEN 390\\App\\Butler\\server\\src\\PublicUser\\queries.js": {"path":"C:\\Users\\Khali\\OneDrive\\Bureau\\CONCORDIA\\SOEN 390\\App\\Butler\\server\\src\\PublicUser\\queries.js","statementMap":{"0":{"start":{"line":1,"column":23},"end":{"line":1,"column":51}},"1":{"start":{"line":2,"column":26},"end":{"line":3,"column":70}},"2":{"start":{"line":4,"column":29},"end":{"line":4,"column":79}},"3":{"start":{"line":5,"column":22},"end":{"line":5,"column":111}},"4":{"start":{"line":6,"column":25},"end":{"line":6,"column":69}},"5":{"start":{"line":9,"column":0},"end":{"line":15,"column":2}}},"fnMap":{},"branchMap":{},"s":{"0":0,"1":0,"2":0,"3":0,"4":0,"5":0},"f":{},"b":{}}
,"C:\\Users\\Khali\\OneDrive\\Bureau\\CONCORDIA\\SOEN 390\\App\\Butler\\server\\src\\PublicUser\\routes.js": {"path":"C:\\Users\\Khali\\OneDrive\\Bureau\\CONCORDIA\\SOEN 390\\App\\Butler\\server\\src\\PublicUser\\routes.js","statementMap":{"0":{"start":{"line":1,"column":19},"end":{"line":1,"column":37}},"1":{"start":{"line":2,"column":19},"end":{"line":2,"column":42}},"2":{"start":{"line":3,"column":26},"end":{"line":3,"column":59}},"3":{"start":{"line":4,"column":15},"end":{"line":4,"column":23}},"4":{"start":{"line":6,"column":0},"end":{"line":6,"column":62}},"5":{"start":{"line":7,"column":0},"end":{"line":7,"column":72}},"6":{"start":{"line":8,"column":0},"end":{"line":8,"column":43}},"7":{"start":{"line":9,"column":0},"end":{"line":9,"column":73}},"8":{"start":{"line":10,"column":0},"end":{"line":10,"column":74}},"9":{"start":{"line":12,"column":0},"end":{"line":12,"column":24}}},"fnMap":{},"branchMap":{},"s":{"0":0,"1":0,"2":0,"3":0,"4":0,"5":0,"6":0,"7":0,"8":0,"9":0},"f":{},"b":{}}
,"C:\\Users\\Khali\\OneDrive\\Bureau\\CONCORDIA\\SOEN 390\\App\\Butler\\server\\src\\RegistrationKey\\controller.js": {"path":"C:\\Users\\Khali\\OneDrive\\Bureau\\CONCORDIA\\SOEN 390\\App\\Butler\\server\\src\\RegistrationKey\\controller.js","statementMap":{"0":{"start":{"line":1,"column":13},"end":{"line":1,"column":32}},"1":{"start":{"line":2,"column":16},"end":{"line":2,"column":36}},"2":{"start":{"line":3,"column":25},"end":{"line":3,"column":60}},"3":{"start":{"line":7,"column":4},"end":{"line":7,"column":85}},"4":{"start":{"line":10,"column":32},"end":{"line":43,"column":1}},"5":{"start":{"line":11,"column":4},"end":{"line":11,"column":54}},"6":{"start":{"line":12,"column":26},"end":{"line":12,"column":34}},"7":{"start":{"line":13,"column":29},"end":{"line":13,"column":48}},"8":{"start":{"line":14,"column":4},"end":{"line":42,"column":6}},"9":{"start":{"line":15,"column":8},"end":{"line":18,"column":9}},"10":{"start":{"line":16,"column":12},"end":{"line":16,"column":86}},"11":{"start":{"line":17,"column":12},"end":{"line":17,"column":74}},"12":{"start":{"line":19,"column":8},"end":{"line":41,"column":9}},"13":{"start":{"line":20,"column":12},"end":{"line":20,"column":68}},"14":{"start":{"line":23,"column":12},"end":{"line":40,"column":14}},"15":{"start":{"line":24,"column":16},"end":{"line":27,"column":17}},"16":{"start":{"line":25,"column":20},"end":{"line":25,"column":81}},"17":{"start":{"line":26,"column":20},"end":{"line":26,"column":82}},"18":{"start":{"line":28,"column":16},"end":{"line":39,"column":17}},"19":{"start":{"line":29,"column":20},"end":{"line":29,"column":75}},"20":{"start":{"line":32,"column":20},"end":{"line":38,"column":22}},"21":{"start":{"line":33,"column":24},"end":{"line":36,"column":25}},"22":{"start":{"line":34,"column":28},"end":{"line":34,"column":89}},"23":{"start":{"line":35,"column":28},"end":{"line":35,"column":90}},"24":{"start":{"line":37,"column":24},"end":{"line":37,"column":86}},"25":{"start":{"line":45,"column":34},"end":{"line":60,"column":1}},"26":{"start":{"line":46,"column":4},"end":{"line":46,"column":53}},"27":{"start":{"line":47,"column":18},"end":{"line":47,"column":34}},"28":{"start":{"line":48,"column":4},"end":{"line":59,"column":7}},"29":{"start":{"line":49,"column":8},"end":{"line":52,"column":9}},"30":{"start":{"line":50,"column":12},"end":{"line":50,"column":68}},"31":{"start":{"line":51,"column":12},"end":{"line":51,"column":74}},"32":{"start":{"line":53,"column":8},"end":{"line":58,"column":9}},"33":{"start":{"line":54,"column":12},"end":{"line":54,"column":81}},"34":{"start":{"line":57,"column":12},"end":{"line":57,"column":47}},"35":{"start":{"line":62,"column":0},"end":{"line":65,"column":1}}},"fnMap":{"0":{"name":"generateRandomKey","decl":{"start":{"line":6,"column":9},"end":{"line":6,"column":26}},"loc":{"start":{"line":6,"column":29},"end":{"line":8,"column":1}},"line":6},"1":{"name":"(anonymous_1)","decl":{"start":{"line":10,"column":32},"end":{"line":10,"column":33}},"loc":{"start":{"line":10,"column":46},"end":{"line":43,"column":1}},"line":10},"2":{"name":"(anonymous_2)","decl":{"start":{"line":14,"column":80},"end":{"line":14,"column":81}},"loc":{"start":{"line":14,"column":100},"end":{"line":42,"column":5}},"line":14},"3":{"name":"(anonymous_3)","decl":{"start":{"line":23,"column":65},"end":{"line":23,"column":66}},"loc":{"start":{"line":23,"column":85},"end":{"line":40,"column":13}},"line":23},"4":{"name":"(anonymous_4)","decl":{"start":{"line":32,"column":97},"end":{"line":32,"column":98}},"loc":{"start":{"line":32,"column":116},"end":{"line":38,"column":21}},"line":32},"5":{"name":"(anonymous_5)","decl":{"start":{"line":45,"column":34},"end":{"line":45,"column":35}},"loc":{"start":{"line":45,"column":48},"end":{"line":60,"column":1}},"line":45},"6":{"name":"(anonymous_6)","decl":{"start":{"line":48,"column":59},"end":{"line":48,"column":60}},"loc":{"start":{"line":48,"column":79},"end":{"line":59,"column":5}},"line":48}},"branchMap":{"0":{"loc":{"start":{"line":15,"column":8},"end":{"line":18,"column":9}},"type":"if","locations":[{"start":{"line":15,"column":8},"end":{"line":18,"column":9}},{"start":{},"end":{}}],"line":15},"1":{"loc":{"start":{"line":19,"column":8},"end":{"line":41,"column":9}},"type":"if","locations":[{"start":{"line":19,"column":8},"end":{"line":41,"column":9}},{"start":{"line":22,"column":13},"end":{"line":41,"column":9}}],"line":19},"2":{"loc":{"start":{"line":24,"column":16},"end":{"line":27,"column":17}},"type":"if","locations":[{"start":{"line":24,"column":16},"end":{"line":27,"column":17}},{"start":{},"end":{}}],"line":24},"3":{"loc":{"start":{"line":28,"column":16},"end":{"line":39,"column":17}},"type":"if","locations":[{"start":{"line":28,"column":16},"end":{"line":39,"column":17}},{"start":{"line":31,"column":20},"end":{"line":39,"column":17}}],"line":28},"4":{"loc":{"start":{"line":33,"column":24},"end":{"line":36,"column":25}},"type":"if","locations":[{"start":{"line":33,"column":24},"end":{"line":36,"column":25}},{"start":{},"end":{}}],"line":33},"5":{"loc":{"start":{"line":49,"column":8},"end":{"line":52,"column":9}},"type":"if","locations":[{"start":{"line":49,"column":8},"end":{"line":52,"column":9}},{"start":{},"end":{}}],"line":49},"6":{"loc":{"start":{"line":53,"column":8},"end":{"line":58,"column":9}},"type":"if","locations":[{"start":{"line":53,"column":8},"end":{"line":58,"column":9}},{"start":{"line":56,"column":13},"end":{"line":58,"column":9}}],"line":53}},"s":{"0":0,"1":0,"2":0,"3":0,"4":0,"5":0,"6":0,"7":0,"8":0,"9":0,"10":0,"11":0,"12":0,"13":0,"14":0,"15":0,"16":0,"17":0,"18":0,"19":0,"20":0,"21":0,"22":0,"23":0,"24":0,"25":0,"26":0,"27":0,"28":0,"29":0,"30":0,"31":0,"32":0,"33":0,"34":0,"35":0},"f":{"0":0,"1":0,"2":0,"3":0,"4":0,"5":0,"6":0},"b":{"0":[0,0],"1":[0,0],"2":[0,0],"3":[0,0],"4":[0,0],"5":[0,0],"6":[0,0]}}
,"C:\\Users\\Khali\\OneDrive\\Bureau\\CONCORDIA\\SOEN 390\\App\\Butler\\server\\src\\RegistrationKey\\queries.js": {"path":"C:\\Users\\Khali\\OneDrive\\Bureau\\CONCORDIA\\SOEN 390\\App\\Butler\\server\\src\\RegistrationKey\\queries.js","statementMap":{"0":{"start":{"line":2,"column":4},"end":{"line":2,"column":88}},"1":{"start":{"line":4,"column":4},"end":{"line":5,"column":71}},"2":{"start":{"line":7,"column":4},"end":{"line":7,"column":127}},"3":{"start":{"line":9,"column":4},"end":{"line":9,"column":47}},"4":{"start":{"line":11,"column":0},"end":{"line":16,"column":2}}},"fnMap":{},"branchMap":{},"s":{"0":0,"1":0,"2":0,"3":0,"4":0},"f":{},"b":{}}
,"C:\\Users\\Khali\\OneDrive\\Bureau\\CONCORDIA\\SOEN 390\\App\\Butler\\server\\src\\RegistrationKey\\routes.js": {"path":"C:\\Users\\Khali\\OneDrive\\Bureau\\CONCORDIA\\SOEN 390\\App\\Butler\\server\\src\\RegistrationKey\\routes.js","statementMap":{"0":{"start":{"line":1,"column":19},"end":{"line":1,"column":37}},"1":{"start":{"line":2,"column":19},"end":{"line":2,"column":42}},"2":{"start":{"line":3,"column":26},"end":{"line":3,"column":59}},"3":{"start":{"line":4,"column":15},"end":{"line":4,"column":23}},"4":{"start":{"line":6,"column":0},"end":{"line":6,"column":72}},"5":{"start":{"line":7,"column":0},"end":{"line":7,"column":79}},"6":{"start":{"line":9,"column":0},"end":{"line":9,"column":24}}},"fnMap":{},"branchMap":{},"s":{"0":0,"1":0,"2":0,"3":0,"4":0,"5":0,"6":0},"f":{},"b":{}}
,"C:\\Users\\Khali\\OneDrive\\Bureau\\CONCORDIA\\SOEN 390\\App\\Butler\\server\\src\\auth\\refreshToken.js": {"path":"C:\\Users\\Khali\\OneDrive\\Bureau\\CONCORDIA\\SOEN 390\\App\\Butler\\server\\src\\auth\\refreshToken.js","statementMap":{"0":{"start":{"line":1,"column":0},"end":{"line":1,"column":27}},"1":{"start":{"line":2,"column":16},"end":{"line":2,"column":34}},"2":{"start":{"line":3,"column":12},"end":{"line":3,"column":35}},"3":{"start":{"line":4,"column":15},"end":{"line":4,"column":31}},"4":{"start":{"line":6,"column":0},"end":{"line":19,"column":3}},"5":{"start":{"line":7,"column":4},"end":{"line":7,"column":38}},"6":{"start":{"line":8,"column":25},"end":{"line":8,"column":46}},"7":{"start":{"line":9,"column":18},"end":{"line":9,"column":50}},"8":{"start":{"line":10,"column":21},"end":{"line":10,"column":38}},"9":{"start":{"line":11,"column":17},"end":{"line":11,"column":34}},"10":{"start":{"line":12,"column":4},"end":{"line":18,"column":7}},"11":{"start":{"line":13,"column":8},"end":{"line":15,"column":9}},"12":{"start":{"line":14,"column":12},"end":{"line":14,"column":86}},"13":{"start":{"line":16,"column":28},"end":{"line":16,"column":97}},"14":{"start":{"line":17,"column":8},"end":{"line":17,"column":47}},"15":{"start":{"line":21,"column":0},"end":{"line":21,"column":24}}},"fnMap":{"0":{"name":"(anonymous_0)","decl":{"start":{"line":6,"column":24},"end":{"line":6,"column":25}},"loc":{"start":{"line":6,"column":44},"end":{"line":19,"column":1}},"line":6},"1":{"name":"(anonymous_1)","decl":{"start":{"line":12,"column":63},"end":{"line":12,"column":64}},"loc":{"start":{"line":12,"column":72},"end":{"line":18,"column":5}},"line":12}},"branchMap":{"0":{"loc":{"start":{"line":13,"column":8},"end":{"line":15,"column":9}},"type":"if","locations":[{"start":{"line":13,"column":8},"end":{"line":15,"column":9}},{"start":{},"end":{}}],"line":13}},"s":{"0":0,"1":0,"2":0,"3":0,"4":0,"5":0,"6":0,"7":0,"8":0,"9":0,"10":0,"11":0,"12":0,"13":0,"14":0,"15":0},"f":{"0":0,"1":0},"b":{"0":[0,0]}}
,"C:\\Users\\Khali\\OneDrive\\Bureau\\CONCORDIA\\SOEN 390\\App\\Butler\\server\\src\\auth\\tokenValidator.js": {"path":"C:\\Users\\Khali\\OneDrive\\Bureau\\CONCORDIA\\SOEN 390\\App\\Butler\\server\\src\\auth\\tokenValidator.js","statementMap":{"0":{"start":{"line":1,"column":12},"end":{"line":1,"column":35}},"1":{"start":{"line":2,"column":13},"end":{"line":2,"column":32}},"2":{"start":{"line":5,"column":2},"end":{"line":5,"column":37}},"3":{"start":{"line":6,"column":21},"end":{"line":6,"column":64}},"4":{"start":{"line":7,"column":16},"end":{"line":7,"column":54}},"5":{"start":{"line":8,"column":2},"end":{"line":10,"column":3}},"6":{"start":{"line":9,"column":4},"end":{"line":9,"column":48}},"7":{"start":{"line":12,"column":2},"end":{"line":14,"column":3}},"8":{"start":{"line":13,"column":4},"end":{"line":13,"column":48}},"9":{"start":{"line":16,"column":2},"end":{"line":42,"column":3}},"10":{"start":{"line":17,"column":25},"end":{"line":17,"column":70}},"11":{"start":{"line":18,"column":4},"end":{"line":18,"column":35}},"12":{"start":{"line":19,"column":4},"end":{"line":19,"column":33}},"13":{"start":{"line":21,"column":15},"end":{"line":21,"column":23}},"14":{"start":{"line":23,"column":4},"end":{"line":27,"column":5}},"15":{"start":{"line":24,"column":6},"end":{"line":24,"column":27}},"16":{"start":{"line":26,"column":6},"end":{"line":26,"column":40}},"17":{"start":{"line":29,"column":19},"end":{"line":29,"column":90}},"18":{"start":{"line":31,"column":4},"end":{"line":33,"column":5}},"19":{"start":{"line":32,"column":6},"end":{"line":32,"column":63}},"20":{"start":{"line":36,"column":4},"end":{"line":36,"column":30}},"21":{"start":{"line":38,"column":4},"end":{"line":38,"column":11}},"22":{"start":{"line":40,"column":4},"end":{"line":40,"column":20}},"23":{"start":{"line":41,"column":4},"end":{"line":41,"column":61}},"24":{"start":{"line":45,"column":0},"end":{"line":45,"column":35}}},"fnMap":{"0":{"name":"authenticateToken","decl":{"start":{"line":4,"column":15},"end":{"line":4,"column":32}},"loc":{"start":{"line":4,"column":49},"end":{"line":43,"column":1}},"line":4}},"branchMap":{"0":{"loc":{"start":{"line":6,"column":21},"end":{"line":6,"column":64}},"type":"binary-expr","locations":[{"start":{"line":6,"column":21},"end":{"line":6,"column":32}},{"start":{"line":6,"column":36},"end":{"line":6,"column":64}}],"line":6},"1":{"loc":{"start":{"line":7,"column":16},"end":{"line":7,"column":54}},"type":"binary-expr","locations":[{"start":{"line":7,"column":16},"end":{"line":7,"column":26}},{"start":{"line":7,"column":30},"end":{"line":7,"column":54}}],"line":7},"2":{"loc":{"start":{"line":8,"column":2},"end":{"line":10,"column":3}},"type":"if","locations":[{"start":{"line":8,"column":2},"end":{"line":10,"column":3}},{"start":{},"end":{}}],"line":8},"3":{"loc":{"start":{"line":12,"column":2},"end":{"line":14,"column":3}},"type":"if","locations":[{"start":{"line":12,"column":2},"end":{"line":14,"column":3}},{"start":{},"end":{}}],"line":12},"4":{"loc":{"start":{"line":23,"column":4},"end":{"line":27,"column":5}},"type":"if","locations":[{"start":{"line":23,"column":4},"end":{"line":27,"column":5}},{"start":{"line":25,"column":11},"end":{"line":27,"column":5}}],"line":23},"5":{"loc":{"start":{"line":23,"column":8},"end":{"line":23,"column":77}},"type":"binary-expr","locations":[{"start":{"line":23,"column":8},"end":{"line":23,"column":25}},{"start":{"line":23,"column":29},"end":{"line":23,"column":51}},{"start":{"line":23,"column":55},"end":{"line":23,"column":77}}],"line":23},"6":{"loc":{"start":{"line":31,"column":4},"end":{"line":33,"column":5}},"type":"if","locations":[{"start":{"line":31,"column":4},"end":{"line":33,"column":5}},{"start":{},"end":{}}],"line":31}},"s":{"0":0,"1":0,"2":0,"3":0,"4":0,"5":0,"6":0,"7":0,"8":0,"9":0,"10":0,"11":0,"12":0,"13":0,"14":0,"15":0,"16":0,"17":0,"18":0,"19":0,"20":0,"21":0,"22":0,"23":0,"24":0},"f":{"0":0},"b":{"0":[0,0],"1":[0,0],"2":[0,0],"3":[0,0],"4":[0,0],"5":[0,0,0],"6":[0,0]}}
}
