{"C:\\Users\\Khali\\OneDrive\\Bureau\\CONCORDIA\\SOEN 390\\App\\Butler\\server\\db.js": {"path":"C:\\Users\\Khali\\OneDrive\\Bureau\\CONCORDIA\\SOEN 390\\App\\Butler\\server\\db.js","statementMap":{"0":{"start":{"line":1,"column":13},"end":{"line":1,"column":31}},"1":{"start":{"line":2,"column":0},"end":{"line":2,"column":27}},"2":{"start":{"line":4,"column":0},"end":{"line":4,"column":33}},"3":{"start":{"line":5,"column":13},"end":{"line":12,"column":2}},"4":{"start":{"line":14,"column":0},"end":{"line":14,"column":48}},"5":{"start":{"line":16,"column":0},"end":{"line":16,"column":22}}},"fnMap":{},"branchMap":{},"s":{"0":1,"1":1,"2":1,"3":1,"4":1,"5":1},"f":{},"b":{},"_coverageSchema":"1a1c01bbd47fc00a2c39e90264f33305004495a9","hash":"971d01bdba23f3f4c754aaf30a5d8123501c845f"}
,"C:\\Users\\Khali\\OneDrive\\Bureau\\CONCORDIA\\SOEN 390\\App\\Butler\\server\\src\\CMC\\queries.js": {"path":"C:\\Users\\Khali\\OneDrive\\Bureau\\CONCORDIA\\SOEN 390\\App\\Butler\\server\\src\\CMC\\queries.js","statementMap":{"0":{"start":{"line":1,"column":16},"end":{"line":1,"column":97}},"1":{"start":{"line":2,"column":19},"end":{"line":2,"column":120}},"2":{"start":{"line":3,"column":30},"end":{"line":3,"column":96}},"3":{"start":{"line":4,"column":15},"end":{"line":4,"column":105}},"4":{"start":{"line":5,"column":18},"end":{"line":5,"column":78}},"5":{"start":{"line":7,"column":0},"end":{"line":13,"column":2}}},"fnMap":{},"branchMap":{},"s":{"0":1,"1":1,"2":1,"3":1,"4":1,"5":1},"f":{},"b":{},"_coverageSchema":"1a1c01bbd47fc00a2c39e90264f33305004495a9","hash":"4baf0e5df243e9fe4675798fdfb608c722401c2d"}
,"C:\\Users\\Khali\\OneDrive\\Bureau\\CONCORDIA\\SOEN 390\\App\\Butler\\server\\src\\Login\\controller.js": {"path":"C:\\Users\\Khali\\OneDrive\\Bureau\\CONCORDIA\\SOEN 390\\App\\Butler\\server\\src\\Login\\controller.js","statementMap":{"0":{"start":{"line":1,"column":13},"end":{"line":1,"column":32}},"1":{"start":{"line":2,"column":18},"end":{"line":2,"column":50}},"2":{"start":{"line":3,"column":19},"end":{"line":3,"column":44}},"3":{"start":{"line":4,"column":12},"end":{"line":4,"column":35}},"4":{"start":{"line":5,"column":15},"end":{"line":5,"column":32}},"5":{"start":{"line":7,"column":21},"end":{"line":7,"column":47}},"6":{"start":{"line":8,"column":22},"end":{"line":8,"column":54}},"7":{"start":{"line":10,"column":23},"end":{"line":14,"column":1}},"8":{"start":{"line":11,"column":22},"end":{"line":11,"column":75}},"9":{"start":{"line":12,"column":23},"end":{"line":12,"column":55}},"10":{"start":{"line":13,"column":2},"end":{"line":13,"column":46}},"11":{"start":{"line":16,"column":20},"end":{"line":37,"column":1}},"12":{"start":{"line":17,"column":2},"end":{"line":36,"column":3}},"13":{"start":{"line":18,"column":21},"end":{"line":18,"column":78}},"14":{"start":{"line":19,"column":4},"end":{"line":21,"column":5}},"15":{"start":{"line":20,"column":6},"end":{"line":20,"column":18}},"16":{"start":{"line":23,"column":17},"end":{"line":23,"column":33}},"17":{"start":{"line":24,"column":26},"end":{"line":24,"column":71}},"18":{"start":{"line":26,"column":4},"end":{"line":32,"column":14}},"19":{"start":{"line":34,"column":4},"end":{"line":34,"column":54}},"20":{"start":{"line":35,"column":4},"end":{"line":35,"column":16}},"21":{"start":{"line":39,"column":21},"end":{"line":59,"column":1}},"22":{"start":{"line":40,"column":2},"end":{"line":58,"column":3}},"23":{"start":{"line":41,"column":22},"end":{"line":41,"column":81}},"24":{"start":{"line":42,"column":4},"end":{"line":44,"column":5}},"25":{"start":{"line":43,"column":6},"end":{"line":43,"column":18}},"26":{"start":{"line":46,"column":16},"end":{"line":46,"column":33}},"27":{"start":{"line":47,"column":26},"end":{"line":47,"column":70}},"28":{"start":{"line":49,"column":4},"end":{"line":54,"column":14}},"29":{"start":{"line":56,"column":4},"end":{"line":56,"column":55}},"30":{"start":{"line":57,"column":4},"end":{"line":57,"column":16}},"31":{"start":{"line":61,"column":14},"end":{"line":89,"column":1}},"32":{"start":{"line":62,"column":2},"end":{"line":62,"column":30}},"33":{"start":{"line":63,"column":30},"end":{"line":63,"column":38}},"34":{"start":{"line":65,"column":25},"end":{"line":68,"column":3}},"35":{"start":{"line":66,"column":20},"end":{"line":66,"column":37}},"36":{"start":{"line":67,"column":23},"end":{"line":67,"column":81}},"37":{"start":{"line":67,"column":41},"end":{"line":67,"column":80}},"38":{"start":{"line":70,"column":19},"end":{"line":70,"column":40}},"39":{"start":{"line":72,"column":2},"end":{"line":88,"column":3}},"40":{"start":{"line":73,"column":20},"end":{"line":73,"column":54}},"41":{"start":{"line":75,"column":4},"end":{"line":77,"column":5}},"42":{"start":{"line":76,"column":6},"end":{"line":76,"column":36}},"43":{"start":{"line":79,"column":21},"end":{"line":79,"column":56}},"44":{"start":{"line":80,"column":4},"end":{"line":82,"column":5}},"45":{"start":{"line":81,"column":6},"end":{"line":81,"column":37}},"46":{"start":{"line":84,"column":4},"end":{"line":84,"column":79}},"47":{"start":{"line":86,"column":4},"end":{"line":86,"column":48}},"48":{"start":{"line":87,"column":4},"end":{"line":87,"column":75}},"49":{"start":{"line":91,"column":0},"end":{"line":91,"column":54}}},"fnMap":{"0":{"name":"(anonymous_0)","decl":{"start":{"line":10,"column":23},"end":{"line":10,"column":24}},"loc":{"start":{"line":10,"column":36},"end":{"line":14,"column":1}},"line":10},"1":{"name":"(anonymous_1)","decl":{"start":{"line":16,"column":20},"end":{"line":16,"column":21}},"loc":{"start":{"line":16,"column":47},"end":{"line":37,"column":1}},"line":16},"2":{"name":"(anonymous_2)","decl":{"start":{"line":39,"column":21},"end":{"line":39,"column":22}},"loc":{"start":{"line":39,"column":48},"end":{"line":59,"column":1}},"line":39},"3":{"name":"(anonymous_3)","decl":{"start":{"line":61,"column":14},"end":{"line":61,"column":15}},"loc":{"start":{"line":61,"column":34},"end":{"line":89,"column":1}},"line":61},"4":{"name":"(anonymous_4)","decl":{"start":{"line":66,"column":10},"end":{"line":66,"column":11}},"loc":{"start":{"line":66,"column":20},"end":{"line":66,"column":37}},"line":66},"5":{"name":"(anonymous_5)","decl":{"start":{"line":67,"column":12},"end":{"line":67,"column":13}},"loc":{"start":{"line":67,"column":23},"end":{"line":67,"column":81}},"line":67},"6":{"name":"(anonymous_6)","decl":{"start":{"line":67,"column":31},"end":{"line":67,"column":32}},"loc":{"start":{"line":67,"column":41},"end":{"line":67,"column":80}},"line":67}},"branchMap":{"0":{"loc":{"start":{"line":19,"column":4},"end":{"line":21,"column":5}},"type":"if","locations":[{"start":{"line":19,"column":4},"end":{"line":21,"column":5}},{"start":{},"end":{}}],"line":19},"1":{"loc":{"start":{"line":26,"column":11},"end":{"line":32,"column":13}},"type":"cond-expr","locations":[{"start":{"line":26,"column":27},"end":{"line":32,"column":6}},{"start":{"line":32,"column":9},"end":{"line":32,"column":13}}],"line":26},"2":{"loc":{"start":{"line":42,"column":4},"end":{"line":44,"column":5}},"type":"if","locations":[{"start":{"line":42,"column":4},"end":{"line":44,"column":5}},{"start":{},"end":{}}],"line":42},"3":{"loc":{"start":{"line":49,"column":11},"end":{"line":54,"column":13}},"type":"cond-expr","locations":[{"start":{"line":49,"column":27},"end":{"line":54,"column":6}},{"start":{"line":54,"column":9},"end":{"line":54,"column":13}}],"line":49},"4":{"loc":{"start":{"line":70,"column":19},"end":{"line":70,"column":40}},"type":"binary-expr","locations":[{"start":{"line":70,"column":19},"end":{"line":70,"column":22}},{"start":{"line":70,"column":26},"end":{"line":70,"column":40}}],"line":70},"5":{"loc":{"start":{"line":75,"column":4},"end":{"line":77,"column":5}},"type":"if","locations":[{"start":{"line":75,"column":4},"end":{"line":77,"column":5}},{"start":{},"end":{}}],"line":75},"6":{"loc":{"start":{"line":80,"column":4},"end":{"line":82,"column":5}},"type":"if","locations":[{"start":{"line":80,"column":4},"end":{"line":82,"column":5}},{"start":{},"end":{}}],"line":80}},"s":{"0":1,"1":1,"2":1,"3":1,"4":1,"5":1,"6":1,"7":1,"8":2,"9":2,"10":2,"11":1,"12":6,"13":6,"14":4,"15":2,"16":2,"17":2,"18":2,"19":2,"20":2,"21":1,"22":2,"23":2,"24":2,"25":2,"26":0,"27":0,"28":0,"29":0,"30":0,"31":1,"32":6,"33":6,"34":6,"35":0,"36":0,"37":0,"38":6,"39":6,"40":6,"41":4,"42":2,"43":2,"44":2,"45":0,"46":2,"47":2,"48":2,"49":1},"f":{"0":2,"1":6,"2":2,"3":6,"4":0,"5":0,"6":0},"b":{"0":[2,2],"1":[2,0],"2":[2,0],"3":[0,0],"4":[6,0],"5":[2,2],"6":[0,2]},"_coverageSchema":"1a1c01bbd47fc00a2c39e90264f33305004495a9","hash":"cd62b09df9ff8e48a07062e0564b87b1319d5a6b"}
,"C:\\Users\\Khali\\OneDrive\\Bureau\\CONCORDIA\\SOEN 390\\App\\Butler\\server\\src\\PublicUser\\queries.js": {"path":"C:\\Users\\Khali\\OneDrive\\Bureau\\CONCORDIA\\SOEN 390\\App\\Butler\\server\\src\\PublicUser\\queries.js","statementMap":{"0":{"start":{"line":1,"column":23},"end":{"line":1,"column":51}},"1":{"start":{"line":2,"column":26},"end":{"line":3,"column":70}},"2":{"start":{"line":4,"column":29},"end":{"line":4,"column":79}},"3":{"start":{"line":5,"column":22},"end":{"line":5,"column":111}},"4":{"start":{"line":6,"column":25},"end":{"line":6,"column":69}},"5":{"start":{"line":9,"column":0},"end":{"line":15,"column":2}}},"fnMap":{},"branchMap":{},"s":{"0":1,"1":1,"2":1,"3":1,"4":1,"5":1},"f":{},"b":{},"_coverageSchema":"1a1c01bbd47fc00a2c39e90264f33305004495a9","hash":"bbfbb77131b24b9e9c1f730b65cf5effc9c0274a"}
}
