TN:
SF:db.js
FNF:0
FNH:0
DA:1,1
DA:2,1
DA:4,1
DA:5,1
DA:14,1
DA:16,1
LF:6
LH:6
BRF:0
BRH:0
end_of_record
TN:
SF:src\CMC\queries.js
FNF:0
FNH:0
DA:1,1
DA:2,1
DA:3,1
DA:4,1
DA:5,1
DA:7,1
LF:6
LH:6
BRF:0
BRH:0
end_of_record
TN:
SF:src\Login\controller.js
FN:10,(anonymous_0)
FN:16,(anonymous_1)
FN:39,(anonymous_2)
FN:61,(anonymous_3)
FN:66,(anonymous_4)
FN:67,(anonymous_5)
FN:67,(anonymous_6)
FNF:7
FNH:4
FNDA:2,(anonymous_0)
FNDA:6,(anonymous_1)
FNDA:2,(anonymous_2)
FNDA:6,(anonymous_3)
FNDA:0,(anonymous_4)
FNDA:0,(anonymous_5)
FNDA:0,(anonymous_6)
DA:1,1
DA:2,1
DA:3,1
DA:4,1
DA:5,1
DA:7,1
DA:8,1
DA:10,1
DA:11,2
DA:12,2
DA:13,2
DA:16,1
DA:17,6
DA:18,6
DA:19,4
DA:20,2
DA:23,2
DA:24,2
DA:26,2
DA:34,2
DA:35,2
DA:39,1
DA:40,2
DA:41,2
DA:42,2
DA:43,2
DA:46,0
DA:47,0
DA:49,0
DA:56,0
DA:57,0
DA:61,1
DA:62,6
DA:63,6
DA:65,6
DA:66,0
DA:67,0
DA:70,6
DA:72,6
DA:73,6
DA:75,4
DA:76,2
DA:79,2
DA:80,2
DA:81,0
DA:84,2
DA:86,2
DA:87,2
DA:91,1
LF:49
LH:41
BRDA:19,0,0,2
BRDA:19,0,1,2
BRDA:26,1,0,2
BRDA:26,1,1,0
BRDA:42,2,0,2
BRDA:42,2,1,0
BRDA:49,3,0,0
BRDA:49,3,1,0
BRDA:70,4,0,6
BRDA:70,4,1,0
BRDA:75,5,0,2
BRDA:75,5,1,2
BRDA:80,6,0,0
BRDA:80,6,1,2
BRF:14
BRH:8
end_of_record
TN:
SF:src\PublicUser\queries.js
FNF:0
FNH:0
DA:1,1
DA:2,1
DA:4,1
DA:5,1
DA:6,1
DA:9,1
LF:6
LH:6
BRF:0
BRH:0
end_of_record
