TN:
SF:db.js
FNF:0
FNH:0
DA:1,2
DA:2,2
DA:4,2
DA:5,2
DA:14,2
DA:16,2
LF:6
LH:6
BRF:0
BRH:0
end_of_record
TN:
SF:src/CondoOwner/controller.js
FN:5,(anonymous_0)
FN:7,(anonymous_1)
FN:20,(anonymous_2)
FN:23,(anonymous_3)
FN:35,(anonymous_4)
FN:38,(anonymous_5)
FN:49,(anonymous_6)
FN:57,(anonymous_7)
FN:64,(anonymous_8)
FN:78,(anonymous_9)
FN:123,(anonymous_10)
FN:131,(anonymous_11)
FN:147,(anonymous_12)
FN:149,(anonymous_13)
FN:160,(anonymous_14)
FN:167,(anonymous_15)
FNF:16
FNH:13
FNDA:3,(anonymous_0)
FNDA:3,(anonymous_1)
FNDA:3,(anonymous_2)
FNDA:3,(anonymous_3)
FNDA:2,(anonymous_4)
FNDA:2,(anonymous_5)
FNDA:0,(anonymous_6)
FNDA:0,(anonymous_7)
FNDA:0,(anonymous_8)
FNDA:4,(anonymous_9)
FNDA:3,(anonymous_10)
FNDA:1,(anonymous_11)
FNDA:3,(anonymous_12)
FNDA:3,(anonymous_13)
FNDA:1,(anonymous_14)
FNDA:1,(anonymous_15)
DA:1,1
DA:2,1
DA:3,1
DA:5,1
DA:6,3
DA:7,3
DA:8,3
DA:9,1
DA:10,1
DA:12,2
DA:13,1
DA:15,1
DA:20,1
DA:21,3
DA:22,3
DA:23,3
DA:24,3
DA:25,1
DA:26,1
DA:28,2
DA:29,1
DA:31,1
DA:35,1
DA:36,2
DA:37,2
DA:38,2
DA:39,2
DA:40,1
DA:41,1
DA:43,1
DA:44,1
DA:46,0
DA:50,0
DA:51,0
DA:53,0
DA:54,0
DA:55,0
DA:57,0
DA:58,0
DA:59,0
DA:60,0
DA:62,0
DA:64,0
DA:65,0
DA:66,0
DA:67,0
DA:69,0
DA:78,1
DA:79,4
DA:80,4
DA:81,4
DA:83,4
DA:90,1
DA:95,3
DA:96,3
DA:98,3
DA:99,3
DA:100,3
DA:102,3
DA:103,3
DA:104,3
DA:106,3
DA:107,3
DA:108,3
DA:110,3
DA:111,3
DA:112,3
DA:114,3
DA:115,3
DA:116,3
DA:119,3
DA:123,3
DA:124,3
DA:125,1
DA:126,1
DA:128,2
DA:129,1
DA:131,1
DA:132,1
DA:133,0
DA:134,0
DA:137,1
DA:138,0
DA:141,1
DA:147,1
DA:148,3
DA:149,3
DA:150,3
DA:151,1
DA:152,1
DA:154,2
DA:155,1
DA:157,1
DA:161,1
DA:162,0
DA:163,0
DA:167,1
DA:168,1
DA:169,0
DA:170,0
DA:173,1
DA:178,1
LF:102
LH:79
BRDA:8,0,0,1
BRDA:8,0,1,2
BRDA:12,1,0,1
BRDA:12,1,1,1
BRDA:24,2,0,1
BRDA:24,2,1,2
BRDA:28,3,0,1
BRDA:28,3,1,1
BRDA:39,4,0,1
BRDA:39,4,1,1
BRDA:43,5,0,1
BRDA:43,5,1,0
BRDA:50,6,0,0
BRDA:50,6,1,0
BRDA:54,7,0,0
BRDA:54,7,1,0
BRDA:58,8,0,0
BRDA:58,8,1,0
BRDA:65,9,0,0
BRDA:65,9,1,0
BRDA:83,10,0,1
BRDA:83,10,1,3
BRDA:84,11,0,4
BRDA:84,11,1,1
BRDA:84,11,2,1
BRDA:84,11,3,1
BRDA:84,11,4,1
BRDA:98,12,0,3
BRDA:98,12,1,0
BRDA:102,13,0,3
BRDA:102,13,1,0
BRDA:106,14,0,3
BRDA:106,14,1,0
BRDA:110,15,0,3
BRDA:110,15,1,0
BRDA:114,16,0,3
BRDA:114,16,1,0
BRDA:124,17,0,1
BRDA:124,17,1,2
BRDA:128,18,0,1
BRDA:128,18,1,1
BRDA:132,19,0,0
BRDA:132,19,1,1
BRDA:137,20,0,0
BRDA:137,20,1,1
BRDA:150,21,0,1
BRDA:150,21,1,2
BRDA:154,22,0,1
BRDA:154,22,1,1
BRDA:161,23,0,0
BRDA:161,23,1,1
BRDA:168,24,0,0
BRDA:168,24,1,1
BRF:53
BRH:35
end_of_record
TN:
SF:src/CondoOwner/queries.js
FNF:0
FNH:0
DA:2,1
DA:5,1
DA:7,1
DA:9,1
DA:11,1
DA:13,1
DA:15,1
DA:16,1
DA:18,1
LF:9
LH:9
BRF:0
BRH:0
end_of_record
TN:
SF:src/CondoRenter/controller.js
FN:5,(anonymous_0)
FN:7,(anonymous_1)
FN:20,(anonymous_2)
FN:23,(anonymous_3)
FN:35,(anonymous_4)
FN:38,(anonymous_5)
FN:50,(anonymous_6)
FN:57,(anonymous_7)
FN:64,(anonymous_8)
FN:78,(anonymous_9)
FN:122,(anonymous_10)
FN:130,(anonymous_11)
FN:146,(anonymous_12)
FN:148,(anonymous_13)
FN:159,(anonymous_14)
FN:166,(anonymous_15)
FNF:16
FNH:13
FNDA:3,(anonymous_0)
FNDA:3,(anonymous_1)
FNDA:3,(anonymous_2)
FNDA:3,(anonymous_3)
FNDA:2,(anonymous_4)
FNDA:2,(anonymous_5)
FNDA:0,(anonymous_6)
FNDA:0,(anonymous_7)
FNDA:0,(anonymous_8)
FNDA:4,(anonymous_9)
FNDA:3,(anonymous_10)
FNDA:1,(anonymous_11)
FNDA:3,(anonymous_12)
FNDA:3,(anonymous_13)
FNDA:1,(anonymous_14)
FNDA:1,(anonymous_15)
DA:1,1
DA:2,1
DA:3,1
DA:5,1
DA:6,3
DA:7,3
DA:8,3
DA:9,1
DA:10,1
DA:12,2
DA:13,1
DA:15,1
DA:20,1
DA:21,3
DA:22,3
DA:23,3
DA:24,3
DA:25,1
DA:26,1
DA:28,2
DA:29,1
DA:31,1
DA:35,1
DA:36,2
DA:37,2
DA:38,2
DA:39,2
DA:40,1
DA:41,1
DA:44,1
DA:45,1
DA:47,0
DA:51,0
DA:52,0
DA:54,0
DA:55,0
DA:57,0
DA:58,0
DA:59,0
DA:60,0
DA:62,0
DA:64,0
DA:65,0
DA:66,0
DA:67,0
DA:69,0
DA:78,1
DA:79,4
DA:80,4
DA:82,4
DA:89,1
DA:94,3
DA:95,3
DA:97,3
DA:98,3
DA:99,3
DA:101,3
DA:102,3
DA:103,3
DA:105,3
DA:106,3
DA:107,3
DA:109,3
DA:110,3
DA:111,3
DA:113,3
DA:114,3
DA:115,3
DA:118,3
DA:122,3
DA:123,3
DA:124,1
DA:125,1
DA:127,2
DA:128,1
DA:130,1
DA:131,1
DA:132,0
DA:133,0
DA:136,1
DA:137,0
DA:140,1
DA:146,1
DA:147,3
DA:148,3
DA:149,3
DA:150,1
DA:151,1
DA:153,2
DA:154,1
DA:156,1
DA:160,1
DA:161,0
DA:162,0
DA:166,1
DA:167,1
DA:168,0
DA:169,0
DA:172,1
DA:177,1
LF:100
LH:78
BRDA:8,0,0,1
BRDA:8,0,1,2
BRDA:12,1,0,1
BRDA:12,1,1,1
BRDA:24,2,0,1
BRDA:24,2,1,2
BRDA:28,3,0,1
BRDA:28,3,1,1
BRDA:39,4,0,1
BRDA:39,4,1,1
BRDA:44,5,0,1
BRDA:44,5,1,0
BRDA:51,6,0,0
BRDA:51,6,1,0
BRDA:54,7,0,0
BRDA:54,7,1,0
BRDA:58,8,0,0
BRDA:58,8,1,0
BRDA:65,9,0,0
BRDA:65,9,1,0
BRDA:82,10,0,1
BRDA:82,10,1,3
BRDA:83,11,0,4
BRDA:83,11,1,1
BRDA:83,11,2,1
BRDA:83,11,3,1
BRDA:83,11,4,1
BRDA:97,12,0,3
BRDA:97,12,1,0
BRDA:101,13,0,3
BRDA:101,13,1,0
BRDA:105,14,0,3
BRDA:105,14,1,0
BRDA:109,15,0,3
BRDA:109,15,1,0
BRDA:113,16,0,3
BRDA:113,16,1,0
BRDA:123,17,0,1
BRDA:123,17,1,2
BRDA:127,18,0,1
BRDA:127,18,1,1
BRDA:131,19,0,0
BRDA:131,19,1,1
BRDA:136,20,0,0
BRDA:136,20,1,1
BRDA:149,21,0,1
BRDA:149,21,1,2
BRDA:153,22,0,1
BRDA:153,22,1,1
BRDA:160,23,0,0
BRDA:160,23,1,1
BRDA:167,24,0,0
BRDA:167,24,1,1
BRF:53
BRH:35
end_of_record
TN:
SF:src/CondoRenter/queries.js
FNF:0
FNH:0
DA:2,1
DA:5,1
DA:7,1
DA:9,1
DA:11,1
DA:12,1
DA:14,1
DA:16,1
DA:18,1
LF:9
LH:9
BRF:0
BRH:0
end_of_record
